12:46:21: Creating resource group General
12:46:21: Creating resource group Internal
12:46:21: Creating resource group Autodetect
12:46:21: SceneManagerFactory for type 'DefaultSceneManager' registered.
12:46:21: Registering ResourceManager for type Material
12:46:21: Registering ResourceManager for type Mesh
12:46:21: Registering ResourceManager for type Skeleton
12:46:21: MovableObjectFactory for type 'ParticleSystem' registered.
12:46:21: OverlayElementFactory for type Panel registered.
12:46:21: OverlayElementFactory for type BorderPanel registered.
12:46:21: OverlayElementFactory for type TextArea registered.
12:46:21: Registering ResourceManager for type Font
12:46:21: ArchiveFactory for archive type FileSystem registered.
12:46:21: ArchiveFactory for archive type Zip registered.
12:46:21: FreeImage version: 3.10.0
12:46:21: This program uses FreeImage, a free, open source image library supporting all common bitmap formats. See http://freeimage.sourceforge.net for details
12:46:21: Supported formats: bmp,ico,jpg,jif,jpeg,jpe,jng,koa,iff,lbm,mng,pbm,pbm,pcd,pcx,pgm,pgm,png,ppm,ppm,ras,tga,targa,tif,tiff,wap,wbmp,wbm,psd,cut,xbm,xpm,gif,hdr,g3,sgi,exr,j2k,j2c,jp2
12:46:21: DDS codec registering
12:46:21: Registering ResourceManager for type HighLevelGpuProgram
12:46:21: Registering ResourceManager for type Compositor
12:46:21: MovableObjectFactory for type 'Entity' registered.
12:46:21: MovableObjectFactory for type 'Light' registered.
12:46:21: MovableObjectFactory for type 'BillboardSet' registered.
12:46:21: MovableObjectFactory for type 'ManualObject' registered.
12:46:21: MovableObjectFactory for type 'BillboardChain' registered.
12:46:21: MovableObjectFactory for type 'RibbonTrail' registered.
12:46:21: Loading library ../Castle Defence Ogre3d/Resources/Ogrebin/release\RenderSystem_GL
12:46:21: Installing plugin: GL RenderSystem
12:46:21: OpenGL Rendering Subsystem created.
12:46:21: Plugin successfully installed
12:46:21: Loading library ../Castle Defence Ogre3d/Resources/Ogrebin/release\Plugin_ParticleFX
12:46:21: Installing plugin: ParticleFX
12:46:21: Particle Emitter Type 'Point' registered
12:46:21: Particle Emitter Type 'Box' registered
12:46:21: Particle Emitter Type 'Ellipsoid' registered
12:46:21: Particle Emitter Type 'Cylinder' registered
12:46:21: Particle Emitter Type 'Ring' registered
12:46:21: Particle Emitter Type 'HollowEllipsoid' registered
12:46:21: Particle Affector Type 'LinearForce' registered
12:46:21: Particle Affector Type 'ColourFader' registered
12:46:21: Particle Affector Type 'ColourFader2' registered
12:46:21: Particle Affector Type 'ColourImage' registered
12:46:21: Particle Affector Type 'ColourInterpolator' registered
12:46:21: Particle Affector Type 'Scaler' registered
12:46:21: Particle Affector Type 'Rotator' registered
12:46:21: Particle Affector Type 'DirectionRandomiser' registered
12:46:21: Particle Affector Type 'DeflectorPlane' registered
12:46:21: Plugin successfully installed
12:46:21: Loading library ../Castle Defence Ogre3d/Resources/Ogrebin/release\Plugin_BSPSceneManager
12:46:21: Installing plugin: BSP Scene Manager
12:46:21: Plugin successfully installed
12:46:21: Loading library ../Castle Defence Ogre3d/Resources/Ogrebin/release\Plugin_CgProgramManager
12:46:21: Installing plugin: Cg Program Manager
12:46:21: Plugin successfully installed
12:46:21: Loading library ../Castle Defence Ogre3d/Resources/Ogrebin/release\Plugin_PCZSceneManager.dll
12:46:21: Installing plugin: Portal Connected Zone Scene Manager
12:46:21: PCZone Factory Type 'ZoneType_Default' registered
12:46:21: Plugin successfully installed
12:46:21: Loading library ../Castle Defence Ogre3d/Resources/Ogrebin/release\Plugin_OctreeZone.dll
12:46:21: Installing plugin: Octree Zone Factory
12:46:21: Plugin successfully installed
12:46:21: Loading library ../Castle Defence Ogre3d/Resources/Ogrebin/release\Plugin_OctreeSceneManager
12:46:22: Installing plugin: Octree & Terrain Scene Manager
12:46:22: Plugin successfully installed
12:46:22: *-*-* OGRE Initialising
12:46:22: *-*-* Version 1.6.4 (Shoggoth)
12:46:22: Creating resource group Bootstrap
12:46:22: Added resource location '../Castle Defence Ogre3d/Resources/Media/packs/OgreCore.zip' of type 'Zip' to resource group 'Bootstrap'
12:46:22: Added resource location '../Castle Defence Ogre3d/Resources' of type 'FileSystem' to resource group 'General'
12:46:22: Added resource location '../Castle Defence Ogre3d/Resources/material/ruins' of type 'FileSystem' to resource group 'General'
12:46:22: Added resource location '../Castle Defence Ogre3d/Resources/mesh' of type 'FileSystem' to resource group 'General'
12:46:22: Added resource location '../Castle Defence Ogre3d/Resources/sound' of type 'FileSystem' to resource group 'General'
12:46:22: Added resource location '../Castle Defence Ogre3d/Resources/particle' of type 'FileSystem' to resource group 'General'
12:46:22: Added resource location '../Castle Defence Ogre3d/Resources/GUI/font' of type 'FileSystem' to resource group 'General'
12:46:22: Added resource location '../Castle Defence Ogre3d/Resources/GUI/schemes' of type 'FileSystem' to resource group 'General'
12:46:22: Added resource location '../Castle Defence Ogre3d/Resources/GUI/imagesets' of type 'FileSystem' to resource group 'General'
12:46:22: Added resource location '../Castle Defence Ogre3d/Resources/GUI/layouts' of type 'FileSystem' to resource group 'General'
12:46:22: Added resource location '../Castle Defence Ogre3d/Resources/GUI/looknfeel' of type 'FileSystem' to resource group 'General'
12:46:22: Added resource location '../Castle Defence Ogre3d/Resources/media' of type 'FileSystem' to resource group 'General'
12:46:22: Added resource location '../Castle Defence Ogre3d/Resources/media/fonts' of type 'FileSystem' to resource group 'General'
12:46:22: Added resource location '../Castle Defence Ogre3d/Resources/media/materials/programs' of type 'FileSystem' to resource group 'General'
12:46:22: Added resource location '../Castle Defence Ogre3d/Resources/media/materials/scripts' of type 'FileSystem' to resource group 'General'
12:46:22: Added resource location '../Castle Defence Ogre3d/Resources/media/materials/textures' of type 'FileSystem' to resource group 'General'
12:46:22: Added resource location '../Castle Defence Ogre3d/Resources/media/models' of type 'FileSystem' to resource group 'General'
12:46:22: Added resource location '../Castle Defence Ogre3d/Resources/media/overlays' of type 'FileSystem' to resource group 'General'
12:46:22: Added resource location '../Castle Defence Ogre3d/Resources/media/particle' of type 'FileSystem' to resource group 'General'
12:46:22: Added resource location '../Castle Defence Ogre3d/Resources/media/gui' of type 'FileSystem' to resource group 'General'
12:46:22: Added resource location '../Castle Defence Ogre3d/Resources/media/DeferredShadingMedia' of type 'FileSystem' to resource group 'General'
12:46:22: Added resource location '../Castle Defence Ogre3d/Resources/media/PCZAppMedia' of type 'FileSystem' to resource group 'General'
12:46:22: Added resource location '../Castle Defence Ogre3d/Resources/media/packs/cubemap.zip' of type 'Zip' to resource group 'General'
12:46:22: Added resource location '../Castle Defence Ogre3d/Resources/media/packs/cubemapsJS.zip' of type 'Zip' to resource group 'General'
12:46:22: Added resource location '../Castle Defence Ogre3d/Resources/media/packs/dragon.zip' of type 'Zip' to resource group 'General'
12:46:22: Added resource location '../Castle Defence Ogre3d/Resources/media/packs/fresneldemo.zip' of type 'Zip' to resource group 'General'
12:46:22: Added resource location '../Castle Defence Ogre3d/Resources/media/packs/ogretestmap.zip' of type 'Zip' to resource group 'General'
12:46:22: Added resource location '../Castle Defence Ogre3d/Resources/media/packs/skybox.zip' of type 'Zip' to resource group 'General'
12:46:22: CPU Identifier & Features
12:46:22: -------------------------
12:46:22:  *   CPU ID: AuthenticAMD: AMD Athlon(tm) 64 X2 Dual Core Processor 4200+
12:46:22:  *      SSE: yes
12:46:22:  *     SSE2: yes
12:46:22:  *     SSE3: yes
12:46:22:  *      MMX: yes
12:46:22:  *   MMXEXT: yes
12:46:22:  *    3DNOW: yes
12:46:22:  * 3DNOWEXT: yes
12:46:22:  *     CMOV: yes
12:46:22:  *      TSC: yes
12:46:22:  *      FPU: yes
12:46:22:  *      PRO: yes
12:46:22:  *       HT: no
12:46:22: -------------------------
12:46:22: *** Starting Win32GL Subsystem ***
12:46:22: GLRenderSystem::_createRenderWindow "Castle Defence", 1280x720 windowed  miscParams: FSAA=0 colourDepth=32 displayFrequency=0 gamma=false vsync=false 
12:46:22: Created Win32Window 'Castle Defence' : 1280x720, 32bpp
12:46:22: GL_VERSION = 2.1.8918
12:46:22: GL_VENDOR = ATI Technologies Inc.
12:46:22: GL_RENDERER = ATI Radeon HD 5800 Series
12:46:22: GL_EXTENSIONS = GL_AMDX_abuffer_oit GL_AMDX_random_access_target GL_AMDX_vertex_shader_tessellator GL_AMD_draw_buffers_blend GL_AMD_performance_monitor GL_AMD_texture_texture4 GL_AMD_vertex_shader_tessellator GL_ARB_color_buffer_float GL_ARB_copy_buffer GL_ARB_depth_buffer_float GL_ARB_depth_texture GL_ARB_draw_buffers GL_ARB_draw_buffers_blend GL_ARB_draw_instanced GL_ARB_fragment_program GL_ARB_fragment_program_shadow GL_ARB_fragment_shader GL_ARB_framebuffer_object GL_ARB_framebuffer_sRGB GL_ARB_geometry_shader4 GL_ARB_half_float_pixel GL_ARB_half_float_vertex GL_ARB_instanced_arrays GL_ARB_map_buffer_range GL_ARB_multisample GL_ARB_multitexture GL_ARB_occlusion_query GL_ARB_pixel_buffer_object GL_ARB_point_parameters GL_ARB_point_sprite GL_ARB_provoking_vertex GL_ARB_shader_objects GL_ARB_shader_texture_lod GL_ARB_shading_language_100 GL_ARB_shadow GL_ARB_shadow_ambient GL_ARB_texture_border_clamp GL_ARB_texture_buffer_object GL_ARB_texture_compression GL_ARB_texture_compression_rgtc GL_ARB_texture_cube_map GL_ARB_texture_env_add GL_ARB_texture_env_combine GL_ARB_texture_env_crossbar GL_ARB_texture_env_dot3 GL_ARB_texture_float GL_ARB_texture_mirrored_repeat GL_ARB_texture_non_power_of_two GL_ARB_texture_rectangle GL_ARB_texture_rg GL_ARB_texture_snorm GL_ARB_transpose_matrix GL_ARB_uniform_buffer_object GL_ARB_vertex_array_object GL_ARB_vertex_buffer_object GL_ARB_vertex_program GL_ARB_vertex_shader GL_ARB_window_pos GL_ATI_draw_buffers GL_ATI_envmap_bumpmap GL_ATI_fragment_shader GL_ATI_meminfo GL_ATI_separate_stencil GL_ATI_texture_compression_3dc GL_ATI_texture_env_combine3 GL_ATI_texture_float GL_ATI_texture_mirror_once GL_EXT_abgr GL_EXT_bgra GL_EXT_bindable_uniform GL_EXT_blend_color GL_EXT_blend_equation_separate GL_EXT_blend_func_separate GL_EXT_blend_minmax GL_EXT_blend_subtract GL_EXT_compiled_vertex_array GL_EXT_copy_buffer GL_EXT_copy_texture GL_EXT_draw_buffers2 GL_EXT_draw_instanced GL_EXT_draw_range_elements GL_EXT_fog_coord GL_EXT_framebuffer_blit GL_EXT_framebuffer_multisample GL_EXT_framebuffer_object GL_EXT_framebuffer_sRGB GL_EXT_geometry_shader4 GL_EXT_gpu_program_parameters GL_EXT_gpu_shader4 GL_EXT_multi_draw_arrays GL_EXT_packed_depth_stencil GL_EXT_packed_float GL_EXT_packed_pixels GL_EXT_pixel_buffer_object GL_EXT_point_parameters GL_EXT_provoking_vertex GL_EXT_rescale_normal GL_EXT_secondary_color GL_EXT_separate_specular_color GL_EXT_shadow_funcs GL_EXT_stencil_wrap GL_EXT_subtexture GL_EXT_texgen_reflection GL_EXT_texture3D GL_EXT_texture_array GL_EXT_texture_buffer_object GL_EXT_texture_compression_latc GL_EXT_texture_compression_rgtc GL_EXT_texture_compression_s3tc GL_EXT_texture_cube_map GL_EXT_texture_edge_clamp GL_EXT_texture_env_add GL_EXT_texture_env_combine GL_EXT_texture_env_dot3 GL_EXT_texture_filter_anisotropic GL_EXT_texture_integer GL_EXT_texture_lod GL_EXT_texture_lod_bias GL_EXT_texture_mirror_clamp GL_EXT_texture_object GL_EXT_texture_rectangle GL_EXT_texture_sRGB GL_EXT_texture_shared_exponent GL_EXT_texture_snorm GL_EXT_texture_swizzle GL_EXT_transform_feedback GL_EXT_vertex_array GL_EXT_vertex_array_bgra GL_IBM_texture_mirrored_repeat GL_KTX_buffer_region GL_NV_blend_square GL_NV_conditional_render GL_NV_copy_depth_to_color GL_NV_explicit_multisample GL_NV_primitive_restart GL_NV_texgen_reflection GL_SGIS_generate_mipmap GL_SGIS_texture_edge_clamp GL_SGIS_texture_lod GL_SUN_multi_draw_arrays GL_WIN_swap_hint WGL_EXT_swap_control
12:46:22: Supported WGL extensions: WGL_ARB_extensions_string WGL_ARB_pixel_format WGL_ATI_pixel_format_float WGL_ARB_pixel_format_float WGL_ARB_multisample WGL_EXT_swap_control WGL_ARB_pbuffer WGL_ARB_render_texture WGL_ARB_make_current_read WGL_EXT_extensions_string WGL_ARB_buffer_region WGL_EXT_framebuffer_sRGB WGL_ATI_render_texture_rectangle WGL_EXT_pixel_format_packed_float WGL_I3D_genlock WGL_NV_swap_group WGL_ARB_create_context WGL_AMD_gpu_association WGL_AMDX_gpu_association 
12:46:22: ***************************
12:46:22: *** GL Renderer Started ***
12:46:22: ***************************
12:46:22: Registering ResourceManager for type GpuProgram
12:46:22: GLSL support detected
12:46:22: GL: Using GL_EXT_framebuffer_object for rendering to textures (best)
12:46:22: FBO PF_UNKNOWN depth/stencil support: D0S1 D0S4 D0S8 D0S16 D16S0 D24S0 D32S0 Packed-D24S8 
12:46:22: FBO PF_L8 depth/stencil support: D0S0 D0S1 D0S4 D0S8 D0S16 D16S0 D24S0 D32S0 Packed-D24S8 
12:46:22: FBO PF_L16 depth/stencil support: D0S0 D0S1 D0S4 D0S8 D0S16 D16S0 D24S0 D32S0 Packed-D24S8 
12:46:22: FBO PF_A8 depth/stencil support: D0S0 D0S1 D0S4 D0S8 D0S16 D16S0 D24S0 D32S0 Packed-D24S8 
12:46:22: FBO PF_A4L4 depth/stencil support: D0S0 D0S1 D0S4 D0S8 D0S16 D16S0 D24S0 D32S0 Packed-D24S8 
12:46:22: FBO PF_BYTE_LA depth/stencil support: D0S0 D0S1 D0S4 D0S8 D0S16 D16S0 D24S0 D32S0 Packed-D24S8 
12:46:22: FBO PF_R5G6B5 depth/stencil support: D0S0 D0S1 D0S4 D0S8 D0S16 D16S0 D24S0 D32S0 Packed-D24S8 
12:46:22: FBO PF_B5G6R5 depth/stencil support: D0S0 D0S1 D0S4 D0S8 D0S16 D16S0 D24S0 D32S0 Packed-D24S8 
12:46:22: FBO PF_A4R4G4B4 depth/stencil support: D0S0 D0S1 D0S4 D0S8 D0S16 D16S0 D24S0 D32S0 Packed-D24S8 
12:46:22: FBO PF_A1R5G5B5 depth/stencil support: D0S0 D0S1 D0S4 D0S8 D0S16 D16S0 D24S0 D32S0 Packed-D24S8 
12:46:22: FBO PF_R8G8B8 depth/stencil support: D0S0 D0S1 D0S4 D0S8 D0S16 D16S0 D24S0 D32S0 Packed-D24S8 
12:46:22: FBO PF_B8G8R8 depth/stencil support: D0S0 D0S1 D0S4 D0S8 D0S16 D16S0 D24S0 D32S0 Packed-D24S8 
12:46:22: FBO PF_A8R8G8B8 depth/stencil support: D0S0 D0S1 D0S4 D0S8 D0S16 D16S0 D24S0 D32S0 Packed-D24S8 
12:46:22: FBO PF_B8G8R8A8 depth/stencil support: D0S0 D0S1 D0S4 D0S8 D0S16 D16S0 D24S0 D32S0 Packed-D24S8 
12:46:22: FBO PF_A2R10G10B10 depth/stencil support: D0S0 D0S1 D0S4 D0S8 D0S16 D16S0 D24S0 D32S0 Packed-D24S8 
12:46:22: FBO PF_A2B10G10R10 depth/stencil support: D0S0 D0S1 D0S4 D0S8 D0S16 D16S0 D24S0 D32S0 Packed-D24S8 
12:46:22: FBO PF_FLOAT16_RGB depth/stencil support: D0S0 D0S1 D0S4 D0S8 D0S16 D16S0 D24S0 D32S0 Packed-D24S8 
12:46:22: FBO PF_FLOAT16_RGBA depth/stencil support: D0S0 D0S1 D0S4 D0S8 D0S16 D16S0 D24S0 D32S0 Packed-D24S8 
12:46:22: FBO PF_FLOAT32_RGB depth/stencil support: D0S0 D0S1 D0S4 D0S8 D0S16 D16S0 D24S0 D32S0 Packed-D24S8 
12:46:22: FBO PF_FLOAT32_RGBA depth/stencil support: D0S0 D0S1 D0S4 D0S8 D0S16 D16S0 D24S0 D32S0 Packed-D24S8 
12:46:22: FBO PF_X8R8G8B8 depth/stencil support: D0S0 D0S1 D0S4 D0S8 D0S16 D16S0 D24S0 D32S0 Packed-D24S8 
12:46:22: FBO PF_X8B8G8R8 depth/stencil support: D0S0 D0S1 D0S4 D0S8 D0S16 D16S0 D24S0 D32S0 Packed-D24S8 
12:46:22: FBO PF_SHORT_RGBA depth/stencil support: D0S0 D0S1 D0S4 D0S8 D0S16 D16S0 D24S0 D32S0 Packed-D24S8 
12:46:22: FBO PF_R3G3B2 depth/stencil support: D0S0 D0S1 D0S4 D0S8 D0S16 D16S0 D24S0 D32S0 Packed-D24S8 
12:46:22: FBO PF_FLOAT16_R depth/stencil support: D0S0 D0S1 D0S4 D0S8 D0S16 D16S0 D24S0 D32S0 Packed-D24S8 
12:46:22: FBO PF_FLOAT32_R depth/stencil support: D0S0 D0S1 D0S4 D0S8 D0S16 D16S0 D24S0 D32S0 Packed-D24S8 
12:46:22: FBO PF_SHORT_GR depth/stencil support: D0S0 D0S1 D0S4 D0S8 D0S16 D16S0 D24S0 D32S0 Packed-D24S8 
12:46:22: FBO PF_FLOAT16_GR depth/stencil support: D0S0 D0S1 D0S4 D0S8 D0S16 D16S0 D24S0 D32S0 Packed-D24S8 
12:46:22: FBO PF_FLOAT32_GR depth/stencil support: D0S0 D0S1 D0S4 D0S8 D0S16 D16S0 D24S0 D32S0 Packed-D24S8 
12:46:22: FBO PF_SHORT_RGB depth/stencil support: D0S0 D0S1 D0S4 D0S8 D0S16 D16S0 D24S0 D32S0 Packed-D24S8 
12:46:22: [GL] : Valid FBO targets PF_UNKNOWN PF_L8 PF_L16 PF_A8 PF_A4L4 PF_BYTE_LA PF_R5G6B5 PF_B5G6R5 PF_A4R4G4B4 PF_A1R5G5B5 PF_R8G8B8 PF_B8G8R8 PF_A8R8G8B8 PF_B8G8R8A8 PF_A2R10G10B10 PF_A2B10G10R10 PF_FLOAT16_RGB PF_FLOAT16_RGBA PF_FLOAT32_RGB PF_FLOAT32_RGBA PF_X8R8G8B8 PF_X8B8G8R8 PF_SHORT_RGBA PF_R3G3B2 PF_FLOAT16_R PF_FLOAT32_R PF_SHORT_GR PF_FLOAT16_GR PF_FLOAT32_GR PF_SHORT_RGB 
12:46:22: RenderSystem capabilities
12:46:22: -------------------------
12:46:22: RenderSystem Name: OpenGL Rendering Subsystem
12:46:22: GPU Vendor: ati
12:46:22: Device Name: ATI Radeon HD 5800 Series
12:46:22: Driver Version: 2.1.8918.0
12:46:22:  * Fixed function pipeline: yes
12:46:22:  * Hardware generation of mipmaps: yes
12:46:22:  * Texture blending: yes
12:46:22:  * Anisotropic texture filtering: yes
12:46:22:  * Dot product texture operation: yes
12:46:22:  * Cube mapping: yes
12:46:22:  * Hardware stencil buffer: yes
12:46:22:    - Stencil depth: 8
12:46:22:    - Two sided stencil support: yes
12:46:22:    - Wrap stencil values: yes
12:46:22:  * Hardware vertex / index buffers: yes
12:46:22:  * Vertex programs: yes
12:46:22:  * Fragment programs: yes
12:46:22:  * Geometry programs: yes
12:46:22:  * Supported Shader Profiles: arbfp1 arbvp1 glsl gp4gp gpu_gp nvgp4 ps_1_1 ps_1_2 ps_1_3 ps_1_4
12:46:22:  * Texture Compression: yes
12:46:22:    - DXT: yes
12:46:22:    - VTC: no
12:46:22:  * Scissor Rectangle: yes
12:46:22:  * Hardware Occlusion Query: yes
12:46:22:  * User clip planes: yes
12:46:22:  * VET_UBYTE4 vertex element type: yes
12:46:22:  * Infinite far plane projection: yes
12:46:22:  * Hardware render-to-texture: yes
12:46:22:  * Floating point textures: yes
12:46:22:  * Non-power-of-two textures: yes
12:46:22:  * Volume textures: yes
12:46:22:  * Multiple Render Targets: 8
12:46:22:    - With different bit depths: yes
12:46:22:  * Point Sprites: yes
12:46:22:  * Extended point parameters: yes
12:46:22:  * Max Point Size: 8192
12:46:22:  * Vertex texture fetch: yes
12:46:22:    - Max vertex textures: 16
12:46:22:    - Vertex textures shared: yes
12:46:22:  * Render to Vertex Buffer : no
12:46:22:  * GL 1.5 without VBO workaround: no
12:46:22:  * Frame Buffer objects: yes
12:46:22:  * Frame Buffer objects (ARB extension): no
12:46:22:  * Frame Buffer objects (ATI extension): no
12:46:22:  * PBuffer suppport: no
12:46:22:  * GL 1.5 without HW-occlusion workaround: no
12:46:22: Registering ResourceManager for type Texture
12:46:22: Using FSAA from GL_ARB_multisample extension.
12:46:22: ResourceBackgroundQueue - threading disabled
12:46:22: Particle Renderer Type 'billboard' registered
12:46:22: SceneManagerFactory for type 'BspSceneManager' registered.
12:46:22: Registering ResourceManager for type BspLevel
12:46:22: SceneManagerFactory for type 'PCZSceneManager' registered.
12:46:22: MovableObjectFactory for type 'PCZLight' registered.
12:46:22: PCZone Factory Type 'ZoneType_Octree' registered
12:46:22: PCZone Factory Type 'ZoneType_Terrain' registered
12:46:22: SceneManagerFactory for type 'OctreeSceneManager' registered.
12:46:22: SceneManagerFactory for type 'TerrainSceneManager' registered.
12:46:22: Parsing scripts for resource group Autodetect
12:46:22: Finished parsing scripts for resource group Autodetect
12:46:22: Parsing scripts for resource group Bootstrap
12:46:22: Parsing script OgreCore.material
12:46:22: Parsing script OgreProfiler.material
12:46:22: Parsing script Ogre.fontdef
12:46:22: Parsing script OgreDebugPanel.overlay
12:46:22: Texture: New_Ogre_Border_Center.png: Loading 1 faces(PF_A8R8G8B8,256x128x1) with 5 hardware generated mipmaps from Image. Internal format is PF_A8R8G8B8,256x128x1.
12:46:22: Texture: New_Ogre_Border.png: Loading 1 faces(PF_A8R8G8B8,256x256x1) with 5 hardware generated mipmaps from Image. Internal format is PF_A8R8G8B8,256x256x1.
12:46:22: Texture: New_Ogre_Border_Break.png: Loading 1 faces(PF_A8R8G8B8,32x32x1) with 5 hardware generated mipmaps from Image. Internal format is PF_A8R8G8B8,32x32x1.
12:46:22: Font BlueHighwayusing texture size 512x512
12:46:22: Info: Freetype returned null for character 127 in font BlueHighway
12:46:22: Info: Freetype returned null for character 128 in font BlueHighway
12:46:22: Info: Freetype returned null for character 129 in font BlueHighway
12:46:22: Info: Freetype returned null for character 130 in font BlueHighway
12:46:22: Info: Freetype returned null for character 131 in font BlueHighway
12:46:22: Info: Freetype returned null for character 132 in font BlueHighway
12:46:22: Info: Freetype returned null for character 133 in font BlueHighway
12:46:22: Info: Freetype returned null for character 134 in font BlueHighway
12:46:22: Info: Freetype returned null for character 135 in font BlueHighway
12:46:22: Info: Freetype returned null for character 136 in font BlueHighway
12:46:22: Info: Freetype returned null for character 137 in font BlueHighway
12:46:22: Info: Freetype returned null for character 138 in font BlueHighway
12:46:22: Info: Freetype returned null for character 139 in font BlueHighway
12:46:22: Info: Freetype returned null for character 140 in font BlueHighway
12:46:22: Info: Freetype returned null for character 141 in font BlueHighway
12:46:22: Info: Freetype returned null for character 142 in font BlueHighway
12:46:22: Info: Freetype returned null for character 143 in font BlueHighway
12:46:22: Info: Freetype returned null for character 144 in font BlueHighway
12:46:22: Info: Freetype returned null for character 145 in font BlueHighway
12:46:22: Info: Freetype returned null for character 146 in font BlueHighway
12:46:22: Info: Freetype returned null for character 147 in font BlueHighway
12:46:22: Info: Freetype returned null for character 148 in font BlueHighway
12:46:22: Info: Freetype returned null for character 149 in font BlueHighway
12:46:22: Info: Freetype returned null for character 150 in font BlueHighway
12:46:22: Info: Freetype returned null for character 151 in font BlueHighway
12:46:22: Info: Freetype returned null for character 152 in font BlueHighway
12:46:22: Info: Freetype returned null for character 153 in font BlueHighway
12:46:22: Info: Freetype returned null for character 154 in font BlueHighway
12:46:22: Info: Freetype returned null for character 155 in font BlueHighway
12:46:22: Info: Freetype returned null for character 156 in font BlueHighway
12:46:22: Info: Freetype returned null for character 157 in font BlueHighway
12:46:22: Info: Freetype returned null for character 158 in font BlueHighway
12:46:22: Info: Freetype returned null for character 159 in font BlueHighway
12:46:22: Info: Freetype returned null for character 160 in font BlueHighway
12:46:22: Texture: BlueHighwayTexture: Loading 1 faces(PF_BYTE_LA,512x512x1) with  hardware generated mipmaps from Image. Internal format is PF_BYTE_LA,512x512x1.
12:46:23: Texture: ogretext.png: Loading 1 faces(PF_A8R8G8B8,256x128x1) with 5 hardware generated mipmaps from Image. Internal format is PF_A8R8G8B8,256x128x1.
12:46:23: Parsing script OgreLoadingPanel.overlay
12:46:23: Finished parsing scripts for resource group Bootstrap
12:46:23: Parsing scripts for resource group General
12:46:23: Parsing script Examples.program
12:46:23: GLSL compiled : Ogre/BasicVertexPrograms/AmbientOneTextureGLSLVertex shader was successfully compiled to run on hardware.

12:46:23: GLSL compiled : Ogre/HardwareSkinningTwoWeightsGLSLVertex shader was successfully compiled to run on hardware.

12:46:23: Parsing script StdQuad_vp.program
12:46:23: Parsing script deferred.glsl.program
12:46:23: GLSL compiled : DeferredShading/material/glsl/psFragment shader was successfully compiled to run on hardware.
12:46:23: GLSL compiled : DeferredShading/material/glsl/notex_psFragment shader was successfully compiled to run on hardware.
12:46:23: GLSL compiled : DeferredShading/material/glsl/nm_psFragment shader was successfully compiled to run on hardware.
12:46:23: GLSL compiled : DeferredShading/material/glsl/nm_notex_psFragment shader was successfully compiled to run on hardware.
12:46:23: Parsing script deferred.hlsl.program
12:46:23: Parsing script deferred.program
12:46:23: GLSL compiled : DeferredShading/material/glsl/psFragment shader was successfully compiled to run on hardware.
12:46:23: GLSL compiled : DeferredShading/material/glsl/notex_psFragment shader was successfully compiled to run on hardware.
12:46:23: GLSL compiled : DeferredShading/material/glsl/nm_psFragment shader was successfully compiled to run on hardware.
12:46:23: GLSL compiled : DeferredShading/material/glsl/nm_notex_psFragment shader was successfully compiled to run on hardware.
12:46:23: Parsing script deferred_post_ambient.program
12:46:23: GLSL compiled : DeferredShading/post/glsl/Ambient_psFragment shader was successfully compiled to run on hardware.
12:46:23: Parsing script deferred_post_debug.glsl.program
12:46:23: GLSL compiled : DeferredShading/post/glsl/ShowNormal_psFragment shader was successfully compiled to run on hardware.
12:46:23: GLSL compiled : DeferredShading/post/glsl/ShowDS_psFragment shader was successfully compiled to run on hardware.
12:46:23: GLSL compiled : DeferredShading/post/glsl/ShowColour_psFragment shader was successfully compiled to run on hardware.
12:46:23: Parsing script deferred_post_debug.hlsl.program
12:46:23: Parsing script deferred_post_debug.program
12:46:23: GLSL compiled : DeferredShading/post/glsl/ShowNormal_psFragment shader was successfully compiled to run on hardware.
12:46:23: GLSL compiled : DeferredShading/post/glsl/ShowDS_psFragment shader was successfully compiled to run on hardware.
12:46:23: GLSL compiled : DeferredShading/post/glsl/ShowColour_psFragment shader was successfully compiled to run on hardware.
12:46:23: Parsing script deferred_post_minilight.glsl.program
12:46:23: GLSL compiled : DeferredShading/post/glsl/LightMaterial_vsVertex shader was successfully compiled to run on hardware.

12:46:23: GLSL compiled : DeferredShading/post/glsl/LightMaterial_psFragment shader was successfully compiled to run on hardware.
12:46:23: Parsing script deferred_post_minilight.hlsl.program
12:46:23: Parsing script deferred_post_minilight.program
12:46:23: GLSL compiled : DeferredShading/post/glsl/LightMaterial_vsVertex shader was successfully compiled to run on hardware.

12:46:23: GLSL compiled : DeferredShading/post/glsl/LightMaterial_psFragment shader was successfully compiled to run on hardware.
12:46:23: Parsing script deferred_post_multipass.glsl.program
12:46:23: GLSL compiled : DeferredShading/post/glsl/Ambient_psFragment shader was successfully compiled to run on hardware.
12:46:23: GLSL compiled : DeferredShading/post/glsl/GlobalLight_psFragment shader was successfully compiled to run on hardware.
12:46:23: Parsing script deferred_post_multipass.hlsl.program
12:46:23: Parsing script deferred_post_onepass.glsl.program
12:46:23: GLSL compiled : DeferredShading/post/glsl/vsVertex shader was successfully compiled to run on hardware.

12:46:23: GLSL compiled : DeferredShading/post/glsl/SinglePass_psFragment shader was successfully compiled to run on hardware.
12:46:23: Parsing script deferred_post_onepass.hlsl.program
12:46:23: Parsing script deferred_post_vs.program
12:46:23: GLSL compiled : DeferredShading/post/glsl/vsVertex shader was successfully compiled to run on hardware.

12:46:23: Parsing script ruins_skybox.material
12:46:23: Parsing script game.material
12:46:23: Parsing script blood.material
12:46:23: Parsing script ASCII.material
12:46:23: Parsing script ASMSwizzle.material
12:46:23: Parsing script BlackAndWhite.material
12:46:23: Parsing script Bloom.material
12:46:23: GLSL compiled : Blur_ps_glslFragment shader was successfully compiled to run on hardware.
12:46:23: GLSL compiled : Blur0_vs_glslVertex shader was successfully compiled to run on hardware.

12:46:23: GLSL compiled : Blur1_vs_glslVertex shader was successfully compiled to run on hardware.

12:46:23: Parsing script Bloom2.material
12:46:23: GLSL compiled : Bloom2_ps20_glslFragment shader was successfully compiled to run on hardware.
12:46:23: Parsing script CGSwizzle.material
12:46:23: Parsing script DepthShadowmap.material
12:46:23: GLSL compiled : Ogre/DepthShadowmap/CasterVP_GLSLVertex shader was successfully compiled to run on hardware.

12:46:23: GLSL compiled : Ogre/DepthShadowmap/CasterFP_GLSLFragment shader was successfully compiled to run on hardware.
12:46:23: GLSL compiled : Ogre/DepthShadowmap/ReceiverVP_GLSLVertex shader was successfully compiled to run on hardware.

12:46:23: GLSL compiled : Ogre/DepthShadowmap/ReceiverFP_GLSLFragment shader was successfully compiled to run on hardware.
12:46:23: GLSL compiled : Ogre/DepthShadowmap/ReceiverFPPCF_GLSLFragment shader was successfully compiled to run on hardware.
12:46:23: GLSL compiled : Ogre/DepthShadowmap/NormalMapReceiverVP_GLSLVertex shader was successfully compiled to run on hardware.

12:46:23: GLSL compiled : Ogre/DepthShadowmap/NormalMapReceiverFP_GLSLFragment shader was successfully compiled to run on hardware.
12:46:23: GLSL compiled : Ogre/DepthShadowmap/NormalMapReceiverFPPCF_GLSLFragment shader was successfully compiled to run on hardware.
12:46:23: Parsing script Dither.material
12:46:23: Parsing script DOF.material
12:46:23: Parsing script Embossed.material
12:46:23: Parsing script Example-DynTex.material
12:46:23: Parsing script Example-Water.material
12:46:23: Parsing script Example.material
12:46:23: OGRE EXCEPTION(2:InvalidParametersException): Parameter called camObjPos does not exist.  in GpuProgramParameters::_findNamedConstantDefinition at ..\src\OgreGpuProgram.cpp (line 1097)
12:46:23: Compiler error: invalid parameters in Example.material(762): setting of constant failed
12:46:23: GLSL compiled : Ogre/HardwareSkinningTwoWeightsShadowCasterGLSLVertex shader was successfully compiled to run on hardware.

12:46:23: Parsing script Examples-Advanced.material
12:46:23: Parsing script facial.material
12:46:23: Parsing script Glass.material
12:46:23: Parsing script GLSLSwizzle.material
12:46:23: GLSL compiled : Ogre/GPTest/Swizzle_GP_GLSLGeometry shader was successfully compiled to run on hardware.

12:46:23: GLSL compiled : Ogre/GPTest/Passthrough_VP_GLSLVertex shader was successfully compiled to run on hardware.

12:46:23: Parsing script Halftone.material
12:46:23: Parsing script hdr.material
12:46:23: GLSL compiled : Ogre/Compositor/HDR/downscale2x2LuminenceGLSL_fpFragment shader was successfully compiled to run on hardware.
12:46:23: GLSL compiled : Ogre/Compositor/StdQuad_GLSL_vpVertex shader was successfully compiled to run on hardware.

12:46:23: GLSL compiled : Ogre/Compositor/HDR/downscale3x3GLSL_fpFragment shader was successfully compiled to run on hardware.
12:46:23: GLSL compiled : Ogre/Compositor/HDR/utils_fpFragment shader was successfully compiled to run on hardware.
12:46:23: GLSL compiled : Ogre/Compositor/HDR/downscale3x3brightpassGLSL_fpFragment shader was successfully compiled to run on hardware.
12:46:23: GLSL compiled : Ogre/Compositor/HDR/bloomGLSL_fpFragment shader was successfully compiled to run on hardware.
12:46:23: GLSL compiled : Ogre/Compositor/HDR/utils_fpFragment shader was successfully compiled to run on hardware.
12:46:23: GLSL compiled : Ogre/Compositor/HDR/finaltonemappingGLSL_fpFragment shader was successfully compiled to run on hardware.
12:46:23: Parsing script HeatVision.material
12:46:23: Parsing script Hurt.material
12:46:23: Parsing script instancing.material
12:46:23: GLSL compiled : InstancingGLSLVertex shader was successfully compiled to run on hardware.

12:46:23: GLSL compiled : InstancingShadowCasterGLSLVertex shader was successfully compiled to run on hardware.

12:46:23: GLSL compiled : CrowdGLSLVertex shader was successfully compiled to run on hardware.

12:46:23: GLSL compiled : CrowdShadowCasterGLSLVertex shader was successfully compiled to run on hardware.

12:46:23: Parsing script Invert.material
12:46:23: Parsing script IsoSurf.material
12:46:23: Problem parsing the following Cg Uniform: '@TMP1' in file Ogre/IsoSurf/TessellateTetrahedraGS
12:46:23: Parsing script Laplace.material
12:46:23: Parsing script MotionBlur.material
12:46:23: Parsing script MRTtest.material
12:46:23: GLSL compiled : Ogre/MRTtest/scenefp/GLSLFragment shader was successfully compiled to run on hardware.
12:46:23: GLSL compiled : Ogre/MRTtest/quadfp/GLSLFragment shader was successfully compiled to run on hardware.
12:46:23: Parsing script NightVision.material
12:46:23: Parsing script Ocean.material
12:46:23: GLSL compiled : GLSL/OceanVSVertex shader was successfully compiled to run on hardware.

12:46:24: GLSL compiled : GLSL/OceanFSFragment shader was successfully compiled to run on hardware.
12:46:24: GLSL compiled : GLSL/Ocean2VSVertex shader was successfully compiled to run on hardware.

12:46:24: GLSL compiled : GLSL/Ocean2FSFragment shader was successfully compiled to run on hardware.
12:46:24: Parsing script OffsetMapping.material
12:46:24: GLSL compiled : Examples/OffsetMappingIntegratedShadowsFPglslFragment shader was successfully compiled to run on hardware.
12:46:24: GLSL compiled : Examples/OffsetMappingIntegratedShadowsVPglslVertex shader was successfully compiled to run on hardware.

12:46:24: Parsing script Ogre.material
12:46:24: Parsing script OldMovie.material
12:46:24: Parsing script OldTV.material
12:46:24: Parsing script ParticleGS.material
12:46:24: OGRE EXCEPTION(7:InternalErrorException): Unable to compile Cg program Ogre/ParticleGS/DisplayPS: CG ERROR : The compile returned an error.
(323) : fatal error C9999: unexpected cast operation
 in CgProgram::loadFromSource at ..\src\OgreCgProgramManagerDll.cpp (line 66)
12:46:24: High-level program Ogre/ParticleGS/DisplayPS encountered an error during loading and is thus not supported.
OGRE EXCEPTION(7:InternalErrorException): Unable to compile Cg program Ogre/ParticleGS/DisplayPS: CG ERROR : The compile returned an error.
(323) : fatal error C9999: unexpected cast operation
 in CgProgram::loadFromSource at ..\src\OgreCgProgramManagerDll.cpp (line 66)
12:46:24: Parsing script Posterize.material
12:46:24: Parsing script pssm.material
12:46:24: Parsing script RadialBlur.material
12:46:24: Parsing script RZR-002.material
12:46:24: Parsing script SharpenEdges.material
12:46:24: Parsing script smoke.material
12:46:24: Parsing script Tiling.material
12:46:24: Parsing script VarianceShadowmap.material
12:46:24: Parsing script deferred.material
12:46:24: GLSL compiled : DeferredShading/material/glsl/vsVertex shader was successfully compiled to run on hardware.

12:46:24: GLSL compiled : DeferredShading/material/glsl/nm_vsVertex shader was successfully compiled to run on hardware.

12:46:24: Parsing script deferreddemo.material
12:46:24: Parsing script deferred_post_ambient.material
12:46:24: Parsing script deferred_post_debug.material
12:46:24: Parsing script deferred_post_minilight.material
12:46:24: Parsing script deferred_post_multipass.material
12:46:24: Parsing script deferred_post_onepass.material
12:46:24: Parsing script ROOM.material
12:46:24: Parsing script RomanBath.material
12:46:24: Parsing script splatter.particle
12:46:24: Parsing script emitted_emitter.particle
12:46:24: Parsing script Example-Water.particle
12:46:24: Parsing script Example.particle
12:46:24: Parsing script smoke.particle
12:46:24: Parsing script blur.compositor
12:46:24: Parsing script Examples.compositor
12:46:24: Parsing script deferred.compositor
12:46:24: Parsing script Advent.fontdef
12:46:24: Parsing script sample.fontdef
12:46:24: Parsing script Compositor.overlay
12:46:24: Parsing script DP3.overlay
12:46:24: Parsing script Example-CubeMapping.overlay
12:46:24: Parsing script Example-DynTex.overlay
12:46:24: Parsing script Example-Water.overlay
12:46:24: Parsing script Shadows.overlay
12:46:24: Finished parsing scripts for resource group General
12:46:24: Parsing scripts for resource group Internal
12:46:24: Finished parsing scripts for resource group Internal
12:46:24: Creating viewport on target 'Castle Defence', rendering from camera 'PerspectiveCamera', relative dimensions 8192L: 0 T: 0 W: 1 H: 1 ZOrder: 0
12:46:24: Viewport for camera 'PerspectiveCamera', actual dimensions 8192L: 0 T: 0 W: 1280 H: 720
12:46:24: SoundManager Initialized
12:46:24: Mesh: Loading Mesh/castleWall.mesh.
12:46:24: Can't assign material NoMaterial to SubEntity of CastleEntity because this Material does not exist. Have you forgotten to define it in a .material script?
12:46:24: Texture: stonewall03.jpg: Loading 1 faces(PF_R8G8B8,512x512x1) with 5 hardware generated mipmaps from Image. Internal format is PF_X8R8G8B8,512x512x1.
12:46:24: Mesh: Loading Mesh/castleTower.mesh.
12:46:24: Can't assign material NoMaterial to SubEntity of CastleTower01Ent because this Material does not exist. Have you forgotten to define it in a .material script?
12:46:24: Can't assign material NoMaterial to SubEntity of CastleTower02Ent because this Material does not exist. Have you forgotten to define it in a .material script?
12:46:24: Texture: flare.png: Loading 1 faces(PF_R8G8B8,256x256x1) with 5 hardware generated mipmaps from Image. Internal format is PF_X8R8G8B8,256x256x1.
12:46:25: Texture: ruins_fr.PNG: Loading 1 faces(PF_R8G8B8,1024x1024x1) with 5 hardware generated mipmaps from Image. Internal format is PF_X8R8G8B8,1024x1024x1.
12:46:25: Texture: ruins_bk.PNG: Loading 1 faces(PF_R8G8B8,1024x1024x1) with 5 hardware generated mipmaps from Image. Internal format is PF_X8R8G8B8,1024x1024x1.
12:46:25: Texture: ruins_lf.PNG: Loading 1 faces(PF_R8G8B8,1024x1024x1) with 5 hardware generated mipmaps from Image. Internal format is PF_X8R8G8B8,1024x1024x1.
12:46:25: Texture: ruins_rt.PNG: Loading 1 faces(PF_R8G8B8,1024x1024x1) with 5 hardware generated mipmaps from Image. Internal format is PF_X8R8G8B8,1024x1024x1.
12:46:25: Texture: ruins_up.PNG: Loading 1 faces(PF_R8G8B8,1024x1024x1) with 5 hardware generated mipmaps from Image. Internal format is PF_X8R8G8B8,1024x1024x1.
12:46:25: Texture: ruins_dn.PNG: Loading 1 faces(PF_R8G8B8,1024x1024x1) with 5 hardware generated mipmaps from Image. Internal format is PF_X8R8G8B8,1024x1024x1.
12:46:25: Texture: materialGrass2.jpg: Loading 1 faces(PF_R8G8B8,1024x1024x1) with 5 hardware generated mipmaps from Image. Internal format is PF_X8R8G8B8,1024x1024x1.
12:46:25: Mesh: Loading Mesh/Cone01.mesh.
12:46:25: Can't assign material NoMaterial to SubEntity of Enemy0 because this Material does not exist. Have you forgotten to define it in a .material script?
12:46:25: Mesh: Loading Mesh/Stativ.mesh.
12:46:25: Can't assign material NoMaterial to SubEntity of Weapon:EastWeapon because this Material does not exist. Have you forgotten to define it in a .material script?
12:46:25: Mesh: Loading Mesh/Box02.mesh.
12:46:25: Can't assign material NoMaterial to SubEntity of Weapon:EastWeaponWeapon:EastWeaponEntityNode: because this Material does not exist. Have you forgotten to define it in a .material script?
12:46:25: Mesh: Loading Mesh/Tube01.mesh.
12:46:25: Can't assign material NoMaterial to SubEntity of Weapon:EastWeaponWeapon:EastWeaponEntityNode:LaserWeapon: because this Material does not exist. Have you forgotten to define it in a .material script?
12:46:25: Can't assign material NoMaterial to SubEntity of Weapon:CenterWeapon because this Material does not exist. Have you forgotten to define it in a .material script?
12:46:25: Can't assign material NoMaterial to SubEntity of Weapon:CenterWeaponWeapon:CenterWeaponEntityNode: because this Material does not exist. Have you forgotten to define it in a .material script?
12:46:25: Can't assign material NoMaterial to SubEntity of Weapon:CenterWeaponWeapon:CenterWeaponEntityNode:StandardWeapon: because this Material does not exist. Have you forgotten to define it in a .material script?
12:46:25: Can't assign material NoMaterial to SubEntity of Weapon:WestWeapon because this Material does not exist. Have you forgotten to define it in a .material script?
12:46:25: Can't assign material NoMaterial to SubEntity of Weapon:WestWeaponWeapon:WestWeaponEntityNode: because this Material does not exist. Have you forgotten to define it in a .material script?
12:46:25: Can't assign material NoMaterial to SubEntity of Weapon:WestWeaponWeapon:WestWeaponEntityNode:LaserWeapon: because this Material does not exist. Have you forgotten to define it in a .material script?
12:46:25: Font Adventusing texture size 512x256
12:46:25: Texture: AdventTexture: Loading 1 faces(PF_BYTE_LA,512x256x1) with  hardware generated mipmaps from Image. Internal format is PF_BYTE_LA,512x256x1.
12:46:25: Mesh: Loading Mesh/Ring01.mesh.
12:46:25: Can't assign material NoMaterial to SubEntity of MouseRing because this Material does not exist. Have you forgotten to define it in a .material script?
12:46:25: Texture: blood02.png: Loading 1 faces(PF_A8R8G8B8,21x14x1) with 4 hardware generated mipmaps from Image. Internal format is PF_A8R8G8B8,21x14x1.
12:46:26: Can't assign material NoMaterial to SubEntity of Enemy0 because this Material does not exist. Have you forgotten to define it in a .material script?
12:46:27: Creating viewport on target 'Castle Defence', rendering from camera 'FirstPersonCamera', relative dimensions 8192L: 0 T: 0 W: 1 H: 1 ZOrder: 0
12:46:27: Viewport for camera 'FirstPersonCamera', actual dimensions 8192L: 0 T: 0 W: 1280 H: 720
12:46:27: Texture: ribbonband.png: Loading 1 faces(PF_R8G8B8,128x1x1) with 5 hardware generated mipmaps from Image. Internal format is PF_X8R8G8B8,128x1x1.
12:46:28: Can't assign material NoMaterial to SubEntity of Enemy1 because this Material does not exist. Have you forgotten to define it in a .material script?
12:46:29: Can't assign material NoMaterial to SubEntity of Enemy2 because this Material does not exist. Have you forgotten to define it in a .material script?
12:46:31: Can't assign material NoMaterial to SubEntity of Enemy3 because this Material does not exist. Have you forgotten to define it in a .material script?
12:46:32: Can't assign material NoMaterial to SubEntity of Enemy4 because this Material does not exist. Have you forgotten to define it in a .material script?
12:46:34: Can't assign material NoMaterial to SubEntity of Enemy5 because this Material does not exist. Have you forgotten to define it in a .material script?
12:46:35: Can't assign material NoMaterial to SubEntity of Enemy6 because this Material does not exist. Have you forgotten to define it in a .material script?
12:46:36: Creating viewport on target 'Castle Defence', rendering from camera 'PerspectiveCamera', relative dimensions 8192L: 0 T: 0 W: 1 H: 1 ZOrder: 0
12:46:36: Viewport for camera 'PerspectiveCamera', actual dimensions 8192L: 0 T: 0 W: 1280 H: 720
12:46:37: Can't assign material NoMaterial to SubEntity of Enemy7 because this Material does not exist. Have you forgotten to define it in a .material script?
12:46:39: Can't assign material NoMaterial to SubEntity of Enemy8 because this Material does not exist. Have you forgotten to define it in a .material script?
12:46:39: Viewport for camera 'NULL', actual dimensions 8192L: 0 T: 0 W: 1280 H: 720
12:46:39: PCZone Factory Type 'ZoneType_Octree' unregistered
12:46:39: PCZone Factory Type 'ZoneType_Terrain' unregistered
12:46:39: Unregistering ResourceManager for type BspLevel
12:46:39: *-*-* OGRE Shutdown
12:46:39: Unregistering ResourceManager for type Compositor
12:46:39: Unregistering ResourceManager for type Font
12:46:39: Unregistering ResourceManager for type Skeleton
12:46:39: Unregistering ResourceManager for type Mesh
12:46:39: Unregistering ResourceManager for type HighLevelGpuProgram
12:46:39: Uninstalling plugin: Octree & Terrain Scene Manager
12:46:39: Plugin successfully uninstalled
12:46:39: Unloading library ../Castle Defence Ogre3d/Resources/Ogrebin/release\Plugin_OctreeSceneManager
12:46:39: Uninstalling plugin: Octree Zone Factory
12:46:39: Plugin successfully uninstalled
12:46:39: Unloading library ../Castle Defence Ogre3d/Resources/Ogrebin/release\Plugin_OctreeZone.dll
12:46:39: Uninstalling plugin: Portal Connected Zone Scene Manager
12:46:39: Plugin successfully uninstalled
12:46:39: Unloading library ../Castle Defence Ogre3d/Resources/Ogrebin/release\Plugin_PCZSceneManager.dll
12:46:39: Uninstalling plugin: Cg Program Manager
12:46:39: Plugin successfully uninstalled
12:46:39: Unloading library ../Castle Defence Ogre3d/Resources/Ogrebin/release\Plugin_CgProgramManager
12:46:39: Uninstalling plugin: BSP Scene Manager
12:46:39: Plugin successfully uninstalled
12:46:39: Unloading library ../Castle Defence Ogre3d/Resources/Ogrebin/release\Plugin_BSPSceneManager
12:46:39: Uninstalling plugin: ParticleFX
12:46:39: Plugin successfully uninstalled
12:46:39: Unloading library ../Castle Defence Ogre3d/Resources/Ogrebin/release\Plugin_ParticleFX
12:46:39: Uninstalling plugin: GL RenderSystem
12:46:39: Render Target 'Castle Defence' Average FPS: 617.363 Best FPS: 659.341 Worst FPS: 0.568828
12:46:39: Unregistering ResourceManager for type GpuProgram
12:46:39: *** Stopping Win32GL Subsystem ***
12:46:39: Unregistering ResourceManager for type Texture
12:46:39: Plugin successfully uninstalled
12:46:39: Unloading library ../Castle Defence Ogre3d/Resources/Ogrebin/release\RenderSystem_GL
12:46:39: Unregistering ResourceManager for type Material
