12:26:07: Creating resource group General
12:26:07: Creating resource group Internal
12:26:07: Creating resource group Autodetect
12:26:07: SceneManagerFactory for type 'DefaultSceneManager' registered.
12:26:07: Registering ResourceManager for type Material
12:26:07: Registering ResourceManager for type Mesh
12:26:07: Registering ResourceManager for type Skeleton
12:26:07: MovableObjectFactory for type 'ParticleSystem' registered.
12:26:07: OverlayElementFactory for type Panel registered.
12:26:07: OverlayElementFactory for type BorderPanel registered.
12:26:07: OverlayElementFactory for type TextArea registered.
12:26:07: Registering ResourceManager for type Font
12:26:07: ArchiveFactory for archive type FileSystem registered.
12:26:07: ArchiveFactory for archive type Zip registered.
12:26:07: FreeImage version: 3.10.0
12:26:07: This program uses FreeImage, a free, open source image library supporting all common bitmap formats. See http://freeimage.sourceforge.net for details
12:26:07: Supported formats: bmp,ico,jpg,jif,jpeg,jpe,jng,koa,iff,lbm,mng,pbm,pbm,pcd,pcx,pgm,pgm,png,ppm,ppm,ras,tga,targa,tif,tiff,wap,wbmp,wbm,psd,cut,xbm,xpm,gif,hdr,g3,sgi,exr,j2k,j2c,jp2
12:26:07: DDS codec registering
12:26:07: Registering ResourceManager for type HighLevelGpuProgram
12:26:07: Registering ResourceManager for type Compositor
12:26:07: MovableObjectFactory for type 'Entity' registered.
12:26:07: MovableObjectFactory for type 'Light' registered.
12:26:07: MovableObjectFactory for type 'BillboardSet' registered.
12:26:07: MovableObjectFactory for type 'ManualObject' registered.
12:26:07: MovableObjectFactory for type 'BillboardChain' registered.
12:26:07: MovableObjectFactory for type 'RibbonTrail' registered.
12:26:07: Loading library ../../Resources/Ogrebin/Release\RenderSystem_Direct3D9
12:26:07: Installing plugin: D3D9 RenderSystem
12:26:07: D3D9 : Direct3D9 Rendering Subsystem created.
12:26:07: D3D9: Driver Detection Starts
12:26:07: D3D9: Driver Detection Ends
12:26:07: Plugin successfully installed
12:26:07: Loading library ../../Resources/Ogrebin/Release\RenderSystem_GL
12:26:07: Installing plugin: GL RenderSystem
12:26:07: OpenGL Rendering Subsystem created.
12:26:07: Plugin successfully installed
12:26:07: Loading library ../../Resources/Ogrebin/Release\Plugin_ParticleFX
12:26:07: Installing plugin: ParticleFX
12:26:07: Particle Emitter Type 'Point' registered
12:26:07: Particle Emitter Type 'Box' registered
12:26:07: Particle Emitter Type 'Ellipsoid' registered
12:26:07: Particle Emitter Type 'Cylinder' registered
12:26:07: Particle Emitter Type 'Ring' registered
12:26:07: Particle Emitter Type 'HollowEllipsoid' registered
12:26:07: Particle Affector Type 'LinearForce' registered
12:26:07: Particle Affector Type 'ColourFader' registered
12:26:07: Particle Affector Type 'ColourFader2' registered
12:26:07: Particle Affector Type 'ColourImage' registered
12:26:07: Particle Affector Type 'ColourInterpolator' registered
12:26:07: Particle Affector Type 'Scaler' registered
12:26:07: Particle Affector Type 'Rotator' registered
12:26:07: Particle Affector Type 'DirectionRandomiser' registered
12:26:07: Particle Affector Type 'DeflectorPlane' registered
12:26:07: Plugin successfully installed
12:26:07: Loading library ../../Resources/Ogrebin/Release\Plugin_BSPSceneManager
12:26:07: Installing plugin: BSP Scene Manager
12:26:07: Plugin successfully installed
12:26:07: Loading library ../../Resources/Ogrebin/Release\Plugin_CgProgramManager
12:26:07: Installing plugin: Cg Program Manager
12:26:08: Plugin successfully installed
12:26:08: Loading library ../../Resources/Ogrebin/Release\Plugin_PCZSceneManager.dll
12:26:08: Installing plugin: Portal Connected Zone Scene Manager
12:26:08: PCZone Factory Type 'ZoneType_Default' registered
12:26:08: Plugin successfully installed
12:26:08: Loading library ../../Resources/Ogrebin/Release\Plugin_OctreeZone.dll
12:26:08: Installing plugin: Octree Zone Factory
12:26:08: Plugin successfully installed
12:26:08: Loading library ../../Resources/Ogrebin/Release\Plugin_OctreeSceneManager
12:26:08: Installing plugin: Octree & Terrain Scene Manager
12:26:08: Plugin successfully installed
12:26:08: *-*-* OGRE Initialising
12:26:08: *-*-* Version 1.6.4 (Shoggoth)
12:26:08: Creating resource group Bootstrap
12:26:08: Added resource location '../../Resources/Media/packs/OgreCore.zip' of type 'Zip' to resource group 'Bootstrap'
12:26:08: Added resource location '../../Resources' of type 'FileSystem' to resource group 'General'
12:26:08: Added resource location '../../Resources/material/ruins' of type 'FileSystem' to resource group 'General'
12:26:08: Added resource location '../../Resources/mesh' of type 'FileSystem' to resource group 'General'
12:26:08: Added resource location '../../Resources/sound' of type 'FileSystem' to resource group 'General'
12:26:08: Added resource location '../../Resources/particle' of type 'FileSystem' to resource group 'General'
12:26:08: Added resource location '../../Resources/GUI/font' of type 'FileSystem' to resource group 'General'
12:26:08: Added resource location '../../Resources/GUI/schemes' of type 'FileSystem' to resource group 'General'
12:26:08: Added resource location '../../Resources/GUI/imagesets' of type 'FileSystem' to resource group 'General'
12:26:08: Added resource location '../../Resources/GUI/layouts' of type 'FileSystem' to resource group 'General'
12:26:08: Added resource location '../../Resources/GUI/looknfeel' of type 'FileSystem' to resource group 'General'
12:26:08: Added resource location '../../Resources/media' of type 'FileSystem' to resource group 'General'
12:26:08: Added resource location '../../Resources/media/fonts' of type 'FileSystem' to resource group 'General'
12:26:08: Added resource location '../../Resources/media/materials/programs' of type 'FileSystem' to resource group 'General'
12:26:08: Added resource location '../../Resources/media/materials/scripts' of type 'FileSystem' to resource group 'General'
12:26:08: Added resource location '../../Resources/media/materials/textures' of type 'FileSystem' to resource group 'General'
12:26:08: Added resource location '../../Resources/media/models' of type 'FileSystem' to resource group 'General'
12:26:08: Added resource location '../../Resources/media/overlays' of type 'FileSystem' to resource group 'General'
12:26:08: Added resource location '../../Resources/media/particle' of type 'FileSystem' to resource group 'General'
12:26:08: Added resource location '../../Resources/media/gui' of type 'FileSystem' to resource group 'General'
12:26:08: Added resource location '../../Resources/media/DeferredShadingMedia' of type 'FileSystem' to resource group 'General'
12:26:08: Added resource location '../../Resources/media/PCZAppMedia' of type 'FileSystem' to resource group 'General'
12:26:08: Added resource location '../../Resources/media/packs/cubemap.zip' of type 'Zip' to resource group 'General'
12:26:08: Added resource location '../../Resources/media/packs/cubemapsJS.zip' of type 'Zip' to resource group 'General'
12:26:08: Added resource location '../../Resources/media/packs/dragon.zip' of type 'Zip' to resource group 'General'
12:26:08: Added resource location '../../Resources/media/packs/fresneldemo.zip' of type 'Zip' to resource group 'General'
12:26:08: Added resource location '../../Resources/media/packs/ogretestmap.zip' of type 'Zip' to resource group 'General'
12:26:08: Added resource location '../../Resources/media/packs/skybox.zip' of type 'Zip' to resource group 'General'
12:26:08: D3D9 : RenderSystem Option: Allow NVPerfHUD = No
12:26:08: D3D9 : RenderSystem Option: Anti aliasing = None
12:26:08: D3D9 : RenderSystem Option: Floating-point mode = Fastest
12:26:08: D3D9 : RenderSystem Option: Full Screen = Yes
12:26:08: D3D9 : RenderSystem Option: Rendering Device = ATI Radeon HD 5800 Series
12:26:08: D3D9 : RenderSystem Option: VSync = No
12:26:08: D3D9 : RenderSystem Option: Video Mode = 800 x 600 @ 32-bit colour
12:26:08: D3D9 : RenderSystem Option: sRGB Gamma Conversion = No
12:26:08: D3D9 : Shutting down cleanly.
12:26:08: CPU Identifier & Features
12:26:08: -------------------------
12:26:08:  *   CPU ID: AuthenticAMD: AMD Athlon(tm) 64 X2 Dual Core Processor 4200+
12:26:08:  *      SSE: yes
12:26:08:  *     SSE2: yes
12:26:08:  *     SSE3: yes
12:26:08:  *      MMX: yes
12:26:08:  *   MMXEXT: yes
12:26:08:  *    3DNOW: yes
12:26:08:  * 3DNOWEXT: yes
12:26:08:  *     CMOV: yes
12:26:08:  *      TSC: yes
12:26:08:  *      FPU: yes
12:26:08:  *      PRO: yes
12:26:08:  *       HT: no
12:26:08: -------------------------
12:26:08: *** Starting Win32GL Subsystem ***
12:26:08: GLRenderSystem::_createRenderWindow "Castle Defence", 1280x720 windowed  miscParams: FSAA=0 colourDepth=32 displayFrequency=0 gamma=false vsync=false 
12:26:08: Created Win32Window 'Castle Defence' : 1280x720, 32bpp
12:26:08: GL_VERSION = 2.1.8918
12:26:08: GL_VENDOR = ATI Technologies Inc.
12:26:08: GL_RENDERER = ATI Radeon HD 5800 Series
12:26:08: GL_EXTENSIONS = GL_AMDX_abuffer_oit GL_AMDX_random_access_target GL_AMDX_vertex_shader_tessellator GL_AMD_draw_buffers_blend GL_AMD_performance_monitor GL_AMD_texture_texture4 GL_AMD_vertex_shader_tessellator GL_ARB_color_buffer_float GL_ARB_copy_buffer GL_ARB_depth_buffer_float GL_ARB_depth_texture GL_ARB_draw_buffers GL_ARB_draw_buffers_blend GL_ARB_draw_instanced GL_ARB_fragment_program GL_ARB_fragment_program_shadow GL_ARB_fragment_shader GL_ARB_framebuffer_object GL_ARB_framebuffer_sRGB GL_ARB_geometry_shader4 GL_ARB_half_float_pixel GL_ARB_half_float_vertex GL_ARB_instanced_arrays GL_ARB_map_buffer_range GL_ARB_multisample GL_ARB_multitexture GL_ARB_occlusion_query GL_ARB_pixel_buffer_object GL_ARB_point_parameters GL_ARB_point_sprite GL_ARB_provoking_vertex GL_ARB_shader_objects GL_ARB_shader_texture_lod GL_ARB_shading_language_100 GL_ARB_shadow GL_ARB_shadow_ambient GL_ARB_texture_border_clamp GL_ARB_texture_buffer_object GL_ARB_texture_compression GL_ARB_texture_compression_rgtc GL_ARB_texture_cube_map GL_ARB_texture_env_add GL_ARB_texture_env_combine GL_ARB_texture_env_crossbar GL_ARB_texture_env_dot3 GL_ARB_texture_float GL_ARB_texture_mirrored_repeat GL_ARB_texture_non_power_of_two GL_ARB_texture_rectangle GL_ARB_texture_rg GL_ARB_texture_snorm GL_ARB_transpose_matrix GL_ARB_uniform_buffer_object GL_ARB_vertex_array_object GL_ARB_vertex_buffer_object GL_ARB_vertex_program GL_ARB_vertex_shader GL_ARB_window_pos GL_ATI_draw_buffers GL_ATI_envmap_bumpmap GL_ATI_fragment_shader GL_ATI_meminfo GL_ATI_separate_stencil GL_ATI_texture_compression_3dc GL_ATI_texture_env_combine3 GL_ATI_texture_float GL_ATI_texture_mirror_once GL_EXT_abgr GL_EXT_bgra GL_EXT_bindable_uniform GL_EXT_blend_color GL_EXT_blend_equation_separate GL_EXT_blend_func_separate GL_EXT_blend_minmax GL_EXT_blend_subtract GL_EXT_compiled_vertex_array GL_EXT_copy_buffer GL_EXT_copy_texture GL_EXT_draw_buffers2 GL_EXT_draw_instanced GL_EXT_draw_range_elements GL_EXT_fog_coord GL_EXT_framebuffer_blit GL_EXT_framebuffer_multisample GL_EXT_framebuffer_object GL_EXT_framebuffer_sRGB GL_EXT_geometry_shader4 GL_EXT_gpu_program_parameters GL_EXT_gpu_shader4 GL_EXT_multi_draw_arrays GL_EXT_packed_depth_stencil GL_EXT_packed_float GL_EXT_packed_pixels GL_EXT_pixel_buffer_object GL_EXT_point_parameters GL_EXT_provoking_vertex GL_EXT_rescale_normal GL_EXT_secondary_color GL_EXT_separate_specular_color GL_EXT_shadow_funcs GL_EXT_stencil_wrap GL_EXT_subtexture GL_EXT_texgen_reflection GL_EXT_texture3D GL_EXT_texture_array GL_EXT_texture_buffer_object GL_EXT_texture_compression_latc GL_EXT_texture_compression_rgtc GL_EXT_texture_compression_s3tc GL_EXT_texture_cube_map GL_EXT_texture_edge_clamp GL_EXT_texture_env_add GL_EXT_texture_env_combine GL_EXT_texture_env_dot3 GL_EXT_texture_filter_anisotropic GL_EXT_texture_integer GL_EXT_texture_lod GL_EXT_texture_lod_bias GL_EXT_texture_mirror_clamp GL_EXT_texture_object GL_EXT_texture_rectangle GL_EXT_texture_sRGB GL_EXT_texture_shared_exponent GL_EXT_texture_snorm GL_EXT_texture_swizzle GL_EXT_transform_feedback GL_EXT_vertex_array GL_EXT_vertex_array_bgra GL_IBM_texture_mirrored_repeat GL_KTX_buffer_region GL_NV_blend_square GL_NV_conditional_render GL_NV_copy_depth_to_color GL_NV_explicit_multisample GL_NV_primitive_restart GL_NV_texgen_reflection GL_SGIS_generate_mipmap GL_SGIS_texture_edge_clamp GL_SGIS_texture_lod GL_SUN_multi_draw_arrays GL_WIN_swap_hint WGL_EXT_swap_control
12:26:08: Supported WGL extensions: WGL_ARB_extensions_string WGL_ARB_pixel_format WGL_ATI_pixel_format_float WGL_ARB_pixel_format_float WGL_ARB_multisample WGL_EXT_swap_control WGL_ARB_pbuffer WGL_ARB_render_texture WGL_ARB_make_current_read WGL_EXT_extensions_string WGL_ARB_buffer_region WGL_EXT_framebuffer_sRGB WGL_ATI_render_texture_rectangle WGL_EXT_pixel_format_packed_float WGL_I3D_genlock WGL_NV_swap_group WGL_ARB_create_context WGL_AMD_gpu_association WGL_AMDX_gpu_association 
12:26:08: ***************************
12:26:08: *** GL Renderer Started ***
12:26:08: ***************************
12:26:08: Registering ResourceManager for type GpuProgram
12:26:08: GLSL support detected
12:26:08: GL: Using GL_EXT_framebuffer_object for rendering to textures (best)
12:26:08: FBO PF_UNKNOWN depth/stencil support: D0S1 D0S4 D0S8 D0S16 D16S0 D24S0 D32S0 Packed-D24S8 
12:26:08: FBO PF_L8 depth/stencil support: D0S0 D0S1 D0S4 D0S8 D0S16 D16S0 D24S0 D32S0 Packed-D24S8 
12:26:08: FBO PF_L16 depth/stencil support: D0S0 D0S1 D0S4 D0S8 D0S16 D16S0 D24S0 D32S0 Packed-D24S8 
12:26:08: FBO PF_A8 depth/stencil support: D0S0 D0S1 D0S4 D0S8 D0S16 D16S0 D24S0 D32S0 Packed-D24S8 
12:26:08: FBO PF_A4L4 depth/stencil support: D0S0 D0S1 D0S4 D0S8 D0S16 D16S0 D24S0 D32S0 Packed-D24S8 
12:26:08: FBO PF_BYTE_LA depth/stencil support: D0S0 D0S1 D0S4 D0S8 D0S16 D16S0 D24S0 D32S0 Packed-D24S8 
12:26:08: FBO PF_R5G6B5 depth/stencil support: D0S0 D0S1 D0S4 D0S8 D0S16 D16S0 D24S0 D32S0 Packed-D24S8 
12:26:08: FBO PF_B5G6R5 depth/stencil support: D0S0 D0S1 D0S4 D0S8 D0S16 D16S0 D24S0 D32S0 Packed-D24S8 
12:26:08: FBO PF_A4R4G4B4 depth/stencil support: D0S0 D0S1 D0S4 D0S8 D0S16 D16S0 D24S0 D32S0 Packed-D24S8 
12:26:08: FBO PF_A1R5G5B5 depth/stencil support: D0S0 D0S1 D0S4 D0S8 D0S16 D16S0 D24S0 D32S0 Packed-D24S8 
12:26:08: FBO PF_R8G8B8 depth/stencil support: D0S0 D0S1 D0S4 D0S8 D0S16 D16S0 D24S0 D32S0 Packed-D24S8 
12:26:08: FBO PF_B8G8R8 depth/stencil support: D0S0 D0S1 D0S4 D0S8 D0S16 D16S0 D24S0 D32S0 Packed-D24S8 
12:26:08: FBO PF_A8R8G8B8 depth/stencil support: D0S0 D0S1 D0S4 D0S8 D0S16 D16S0 D24S0 D32S0 Packed-D24S8 
12:26:08: FBO PF_B8G8R8A8 depth/stencil support: D0S0 D0S1 D0S4 D0S8 D0S16 D16S0 D24S0 D32S0 Packed-D24S8 
12:26:08: FBO PF_A2R10G10B10 depth/stencil support: D0S0 D0S1 D0S4 D0S8 D0S16 D16S0 D24S0 D32S0 Packed-D24S8 
12:26:08: FBO PF_A2B10G10R10 depth/stencil support: D0S0 D0S1 D0S4 D0S8 D0S16 D16S0 D24S0 D32S0 Packed-D24S8 
12:26:08: FBO PF_FLOAT16_RGB depth/stencil support: D0S0 D0S1 D0S4 D0S8 D0S16 D16S0 D24S0 D32S0 Packed-D24S8 
12:26:08: FBO PF_FLOAT16_RGBA depth/stencil support: D0S0 D0S1 D0S4 D0S8 D0S16 D16S0 D24S0 D32S0 Packed-D24S8 
12:26:08: FBO PF_FLOAT32_RGB depth/stencil support: D0S0 D0S1 D0S4 D0S8 D0S16 D16S0 D24S0 D32S0 Packed-D24S8 
12:26:08: FBO PF_FLOAT32_RGBA depth/stencil support: D0S0 D0S1 D0S4 D0S8 D0S16 D16S0 D24S0 D32S0 Packed-D24S8 
12:26:08: FBO PF_X8R8G8B8 depth/stencil support: D0S0 D0S1 D0S4 D0S8 D0S16 D16S0 D24S0 D32S0 Packed-D24S8 
12:26:08: FBO PF_X8B8G8R8 depth/stencil support: D0S0 D0S1 D0S4 D0S8 D0S16 D16S0 D24S0 D32S0 Packed-D24S8 
12:26:08: FBO PF_SHORT_RGBA depth/stencil support: D0S0 D0S1 D0S4 D0S8 D0S16 D16S0 D24S0 D32S0 Packed-D24S8 
12:26:08: FBO PF_R3G3B2 depth/stencil support: D0S0 D0S1 D0S4 D0S8 D0S16 D16S0 D24S0 D32S0 Packed-D24S8 
12:26:08: FBO PF_FLOAT16_R depth/stencil support: D0S0 D0S1 D0S4 D0S8 D0S16 D16S0 D24S0 D32S0 Packed-D24S8 
12:26:08: FBO PF_FLOAT32_R depth/stencil support: D0S0 D0S1 D0S4 D0S8 D0S16 D16S0 D24S0 D32S0 Packed-D24S8 
12:26:08: FBO PF_SHORT_GR depth/stencil support: D0S0 D0S1 D0S4 D0S8 D0S16 D16S0 D24S0 D32S0 Packed-D24S8 
12:26:08: FBO PF_FLOAT16_GR depth/stencil support: D0S0 D0S1 D0S4 D0S8 D0S16 D16S0 D24S0 D32S0 Packed-D24S8 
12:26:08: FBO PF_FLOAT32_GR depth/stencil support: D0S0 D0S1 D0S4 D0S8 D0S16 D16S0 D24S0 D32S0 Packed-D24S8 
12:26:08: FBO PF_SHORT_RGB depth/stencil support: D0S0 D0S1 D0S4 D0S8 D0S16 D16S0 D24S0 D32S0 Packed-D24S8 
12:26:08: [GL] : Valid FBO targets PF_UNKNOWN PF_L8 PF_L16 PF_A8 PF_A4L4 PF_BYTE_LA PF_R5G6B5 PF_B5G6R5 PF_A4R4G4B4 PF_A1R5G5B5 PF_R8G8B8 PF_B8G8R8 PF_A8R8G8B8 PF_B8G8R8A8 PF_A2R10G10B10 PF_A2B10G10R10 PF_FLOAT16_RGB PF_FLOAT16_RGBA PF_FLOAT32_RGB PF_FLOAT32_RGBA PF_X8R8G8B8 PF_X8B8G8R8 PF_SHORT_RGBA PF_R3G3B2 PF_FLOAT16_R PF_FLOAT32_R PF_SHORT_GR PF_FLOAT16_GR PF_FLOAT32_GR PF_SHORT_RGB 
12:26:08: RenderSystem capabilities
12:26:08: -------------------------
12:26:08: RenderSystem Name: OpenGL Rendering Subsystem
12:26:08: GPU Vendor: ati
12:26:08: Device Name: ATI Radeon HD 5800 Series
12:26:08: Driver Version: 2.1.8918.0
12:26:08:  * Fixed function pipeline: yes
12:26:08:  * Hardware generation of mipmaps: yes
12:26:08:  * Texture blending: yes
12:26:08:  * Anisotropic texture filtering: yes
12:26:08:  * Dot product texture operation: yes
12:26:08:  * Cube mapping: yes
12:26:08:  * Hardware stencil buffer: yes
12:26:08:    - Stencil depth: 8
12:26:08:    - Two sided stencil support: yes
12:26:08:    - Wrap stencil values: yes
12:26:08:  * Hardware vertex / index buffers: yes
12:26:08:  * Vertex programs: yes
12:26:08:  * Fragment programs: yes
12:26:08:  * Geometry programs: yes
12:26:08:  * Supported Shader Profiles: arbfp1 arbvp1 glsl gp4gp gpu_gp nvgp4 ps_1_1 ps_1_2 ps_1_3 ps_1_4
12:26:08:  * Texture Compression: yes
12:26:08:    - DXT: yes
12:26:08:    - VTC: no
12:26:08:  * Scissor Rectangle: yes
12:26:08:  * Hardware Occlusion Query: yes
12:26:08:  * User clip planes: yes
12:26:08:  * VET_UBYTE4 vertex element type: yes
12:26:08:  * Infinite far plane projection: yes
12:26:08:  * Hardware render-to-texture: yes
12:26:08:  * Floating point textures: yes
12:26:08:  * Non-power-of-two textures: yes
12:26:08:  * Volume textures: yes
12:26:08:  * Multiple Render Targets: 8
12:26:08:    - With different bit depths: yes
12:26:08:  * Point Sprites: yes
12:26:08:  * Extended point parameters: yes
12:26:08:  * Max Point Size: 8192
12:26:08:  * Vertex texture fetch: yes
12:26:08:    - Max vertex textures: 16
12:26:08:    - Vertex textures shared: yes
12:26:08:  * Render to Vertex Buffer : no
12:26:08:  * GL 1.5 without VBO workaround: no
12:26:08:  * Frame Buffer objects: yes
12:26:08:  * Frame Buffer objects (ARB extension): no
12:26:08:  * Frame Buffer objects (ATI extension): no
12:26:08:  * PBuffer suppport: no
12:26:08:  * GL 1.5 without HW-occlusion workaround: no
12:26:08: Registering ResourceManager for type Texture
12:26:08: Using FSAA from GL_ARB_multisample extension.
12:26:08: ResourceBackgroundQueue - threading disabled
12:26:08: Particle Renderer Type 'billboard' registered
12:26:08: SceneManagerFactory for type 'BspSceneManager' registered.
12:26:08: Registering ResourceManager for type BspLevel
12:26:08: SceneManagerFactory for type 'PCZSceneManager' registered.
12:26:08: MovableObjectFactory for type 'PCZLight' registered.
12:26:08: PCZone Factory Type 'ZoneType_Octree' registered
12:26:08: PCZone Factory Type 'ZoneType_Terrain' registered
12:26:08: SceneManagerFactory for type 'OctreeSceneManager' registered.
12:26:08: SceneManagerFactory for type 'TerrainSceneManager' registered.
12:26:08: Parsing scripts for resource group Autodetect
12:26:08: Finished parsing scripts for resource group Autodetect
12:26:08: Parsing scripts for resource group Bootstrap
12:26:08: Parsing script OgreCore.material
12:26:08: Parsing script OgreProfiler.material
12:26:08: Parsing script Ogre.fontdef
12:26:08: Parsing script OgreDebugPanel.overlay
12:26:08: Texture: New_Ogre_Border_Center.png: Loading 1 faces(PF_A8R8G8B8,256x128x1) with 5 hardware generated mipmaps from Image. Internal format is PF_A8R8G8B8,256x128x1.
12:26:08: Texture: New_Ogre_Border.png: Loading 1 faces(PF_A8R8G8B8,256x256x1) with 5 hardware generated mipmaps from Image. Internal format is PF_A8R8G8B8,256x256x1.
12:26:08: Texture: New_Ogre_Border_Break.png: Loading 1 faces(PF_A8R8G8B8,32x32x1) with 5 hardware generated mipmaps from Image. Internal format is PF_A8R8G8B8,32x32x1.
12:26:08: Font BlueHighwayusing texture size 512x512
12:26:08: Info: Freetype returned null for character 127 in font BlueHighway
12:26:08: Info: Freetype returned null for character 128 in font BlueHighway
12:26:08: Info: Freetype returned null for character 129 in font BlueHighway
12:26:08: Info: Freetype returned null for character 130 in font BlueHighway
12:26:08: Info: Freetype returned null for character 131 in font BlueHighway
12:26:08: Info: Freetype returned null for character 132 in font BlueHighway
12:26:08: Info: Freetype returned null for character 133 in font BlueHighway
12:26:08: Info: Freetype returned null for character 134 in font BlueHighway
12:26:08: Info: Freetype returned null for character 135 in font BlueHighway
12:26:08: Info: Freetype returned null for character 136 in font BlueHighway
12:26:08: Info: Freetype returned null for character 137 in font BlueHighway
12:26:08: Info: Freetype returned null for character 138 in font BlueHighway
12:26:08: Info: Freetype returned null for character 139 in font BlueHighway
12:26:08: Info: Freetype returned null for character 140 in font BlueHighway
12:26:08: Info: Freetype returned null for character 141 in font BlueHighway
12:26:08: Info: Freetype returned null for character 142 in font BlueHighway
12:26:08: Info: Freetype returned null for character 143 in font BlueHighway
12:26:08: Info: Freetype returned null for character 144 in font BlueHighway
12:26:08: Info: Freetype returned null for character 145 in font BlueHighway
12:26:08: Info: Freetype returned null for character 146 in font BlueHighway
12:26:08: Info: Freetype returned null for character 147 in font BlueHighway
12:26:08: Info: Freetype returned null for character 148 in font BlueHighway
12:26:08: Info: Freetype returned null for character 149 in font BlueHighway
12:26:08: Info: Freetype returned null for character 150 in font BlueHighway
12:26:08: Info: Freetype returned null for character 151 in font BlueHighway
12:26:08: Info: Freetype returned null for character 152 in font BlueHighway
12:26:08: Info: Freetype returned null for character 153 in font BlueHighway
12:26:08: Info: Freetype returned null for character 154 in font BlueHighway
12:26:08: Info: Freetype returned null for character 155 in font BlueHighway
12:26:08: Info: Freetype returned null for character 156 in font BlueHighway
12:26:08: Info: Freetype returned null for character 157 in font BlueHighway
12:26:08: Info: Freetype returned null for character 158 in font BlueHighway
12:26:08: Info: Freetype returned null for character 159 in font BlueHighway
12:26:08: Info: Freetype returned null for character 160 in font BlueHighway
12:26:08: Texture: BlueHighwayTexture: Loading 1 faces(PF_BYTE_LA,512x512x1) with  hardware generated mipmaps from Image. Internal format is PF_BYTE_LA,512x512x1.
12:26:08: Texture: ogretext.png: Loading 1 faces(PF_A8R8G8B8,256x128x1) with 5 hardware generated mipmaps from Image. Internal format is PF_A8R8G8B8,256x128x1.
12:26:08: Parsing script OgreLoadingPanel.overlay
12:26:09: Finished parsing scripts for resource group Bootstrap
12:26:09: Parsing scripts for resource group General
12:26:09: Parsing script Examples.program
12:26:09: GLSL compiled : Ogre/BasicVertexPrograms/AmbientOneTextureGLSLVertex shader was successfully compiled to run on hardware.

12:26:09: GLSL compiled : Ogre/HardwareSkinningTwoWeightsGLSLVertex shader was successfully compiled to run on hardware.

12:26:09: Parsing script StdQuad_vp.program
12:26:09: Parsing script deferred.glsl.program
12:26:09: GLSL compiled : DeferredShading/material/glsl/psFragment shader was successfully compiled to run on hardware.
12:26:09: GLSL compiled : DeferredShading/material/glsl/notex_psFragment shader was successfully compiled to run on hardware.
12:26:09: GLSL compiled : DeferredShading/material/glsl/nm_psFragment shader was successfully compiled to run on hardware.
12:26:09: GLSL compiled : DeferredShading/material/glsl/nm_notex_psFragment shader was successfully compiled to run on hardware.
12:26:09: Parsing script deferred.hlsl.program
12:26:09: Parsing script deferred.program
12:26:09: GLSL compiled : DeferredShading/material/glsl/psFragment shader was successfully compiled to run on hardware.
12:26:09: GLSL compiled : DeferredShading/material/glsl/notex_psFragment shader was successfully compiled to run on hardware.
12:26:09: GLSL compiled : DeferredShading/material/glsl/nm_psFragment shader was successfully compiled to run on hardware.
12:26:09: GLSL compiled : DeferredShading/material/glsl/nm_notex_psFragment shader was successfully compiled to run on hardware.
12:26:09: Parsing script deferred_post_ambient.program
12:26:09: GLSL compiled : DeferredShading/post/glsl/Ambient_psFragment shader was successfully compiled to run on hardware.
12:26:09: Parsing script deferred_post_debug.glsl.program
12:26:09: GLSL compiled : DeferredShading/post/glsl/ShowNormal_psFragment shader was successfully compiled to run on hardware.
12:26:09: GLSL compiled : DeferredShading/post/glsl/ShowDS_psFragment shader was successfully compiled to run on hardware.
12:26:09: GLSL compiled : DeferredShading/post/glsl/ShowColour_psFragment shader was successfully compiled to run on hardware.
12:26:09: Parsing script deferred_post_debug.hlsl.program
12:26:09: Parsing script deferred_post_debug.program
12:26:09: GLSL compiled : DeferredShading/post/glsl/ShowNormal_psFragment shader was successfully compiled to run on hardware.
12:26:09: GLSL compiled : DeferredShading/post/glsl/ShowDS_psFragment shader was successfully compiled to run on hardware.
12:26:09: GLSL compiled : DeferredShading/post/glsl/ShowColour_psFragment shader was successfully compiled to run on hardware.
12:26:09: Parsing script deferred_post_minilight.glsl.program
12:26:09: GLSL compiled : DeferredShading/post/glsl/LightMaterial_vsVertex shader was successfully compiled to run on hardware.

12:26:09: GLSL compiled : DeferredShading/post/glsl/LightMaterial_psFragment shader was successfully compiled to run on hardware.
12:26:09: Parsing script deferred_post_minilight.hlsl.program
12:26:09: Parsing script deferred_post_minilight.program
12:26:09: GLSL compiled : DeferredShading/post/glsl/LightMaterial_vsVertex shader was successfully compiled to run on hardware.

12:26:09: GLSL compiled : DeferredShading/post/glsl/LightMaterial_psFragment shader was successfully compiled to run on hardware.
12:26:09: Parsing script deferred_post_multipass.glsl.program
12:26:09: GLSL compiled : DeferredShading/post/glsl/Ambient_psFragment shader was successfully compiled to run on hardware.
12:26:09: GLSL compiled : DeferredShading/post/glsl/GlobalLight_psFragment shader was successfully compiled to run on hardware.
12:26:09: Parsing script deferred_post_multipass.hlsl.program
12:26:09: Parsing script deferred_post_onepass.glsl.program
12:26:09: GLSL compiled : DeferredShading/post/glsl/vsVertex shader was successfully compiled to run on hardware.

12:26:09: GLSL compiled : DeferredShading/post/glsl/SinglePass_psFragment shader was successfully compiled to run on hardware.
12:26:09: Parsing script deferred_post_onepass.hlsl.program
12:26:09: Parsing script deferred_post_vs.program
12:26:09: GLSL compiled : DeferredShading/post/glsl/vsVertex shader was successfully compiled to run on hardware.

12:26:09: Parsing script ruins_skybox.material
12:26:09: Parsing script game.material
12:26:09: Parsing script blood.material
12:26:09: Parsing script ASCII.material
12:26:09: Parsing script ASMSwizzle.material
12:26:09: Parsing script BlackAndWhite.material
12:26:09: Parsing script Bloom.material
12:26:09: GLSL compiled : Blur_ps_glslFragment shader was successfully compiled to run on hardware.
12:26:09: GLSL compiled : Blur0_vs_glslVertex shader was successfully compiled to run on hardware.

12:26:09: GLSL compiled : Blur1_vs_glslVertex shader was successfully compiled to run on hardware.

12:26:09: Parsing script Bloom2.material
12:26:09: GLSL compiled : Bloom2_ps20_glslFragment shader was successfully compiled to run on hardware.
12:26:09: Parsing script CGSwizzle.material
12:26:09: Parsing script DepthShadowmap.material
12:26:09: GLSL compiled : Ogre/DepthShadowmap/CasterVP_GLSLVertex shader was successfully compiled to run on hardware.

12:26:09: GLSL compiled : Ogre/DepthShadowmap/CasterFP_GLSLFragment shader was successfully compiled to run on hardware.
12:26:09: GLSL compiled : Ogre/DepthShadowmap/ReceiverVP_GLSLVertex shader was successfully compiled to run on hardware.

12:26:09: GLSL compiled : Ogre/DepthShadowmap/ReceiverFP_GLSLFragment shader was successfully compiled to run on hardware.
12:26:09: GLSL compiled : Ogre/DepthShadowmap/ReceiverFPPCF_GLSLFragment shader was successfully compiled to run on hardware.
12:26:09: GLSL compiled : Ogre/DepthShadowmap/NormalMapReceiverVP_GLSLVertex shader was successfully compiled to run on hardware.

12:26:09: GLSL compiled : Ogre/DepthShadowmap/NormalMapReceiverFP_GLSLFragment shader was successfully compiled to run on hardware.
12:26:09: GLSL compiled : Ogre/DepthShadowmap/NormalMapReceiverFPPCF_GLSLFragment shader was successfully compiled to run on hardware.
12:26:09: Parsing script Dither.material
12:26:09: Parsing script DOF.material
12:26:09: Parsing script Embossed.material
12:26:09: Parsing script Example-DynTex.material
12:26:09: Parsing script Example-Water.material
12:26:09: Parsing script Example.material
12:26:09: OGRE EXCEPTION(2:InvalidParametersException): Parameter called camObjPos does not exist.  in GpuProgramParameters::_findNamedConstantDefinition at ..\src\OgreGpuProgram.cpp (line 1097)
12:26:09: Compiler error: invalid parameters in Example.material(762): setting of constant failed
12:26:09: GLSL compiled : Ogre/HardwareSkinningTwoWeightsShadowCasterGLSLVertex shader was successfully compiled to run on hardware.

12:26:09: Parsing script Examples-Advanced.material
12:26:09: Parsing script facial.material
12:26:09: Parsing script Glass.material
12:26:09: Parsing script GLSLSwizzle.material
12:26:10: GLSL compiled : Ogre/GPTest/Swizzle_GP_GLSLGeometry shader was successfully compiled to run on hardware.

12:26:10: GLSL compiled : Ogre/GPTest/Passthrough_VP_GLSLVertex shader was successfully compiled to run on hardware.

12:26:10: Parsing script Halftone.material
12:26:10: Parsing script hdr.material
12:26:10: GLSL compiled : Ogre/Compositor/HDR/downscale2x2LuminenceGLSL_fpFragment shader was successfully compiled to run on hardware.
12:26:10: GLSL compiled : Ogre/Compositor/StdQuad_GLSL_vpVertex shader was successfully compiled to run on hardware.

12:26:10: GLSL compiled : Ogre/Compositor/HDR/downscale3x3GLSL_fpFragment shader was successfully compiled to run on hardware.
12:26:10: GLSL compiled : Ogre/Compositor/HDR/utils_fpFragment shader was successfully compiled to run on hardware.
12:26:10: GLSL compiled : Ogre/Compositor/HDR/downscale3x3brightpassGLSL_fpFragment shader was successfully compiled to run on hardware.
12:26:10: GLSL compiled : Ogre/Compositor/HDR/bloomGLSL_fpFragment shader was successfully compiled to run on hardware.
12:26:10: GLSL compiled : Ogre/Compositor/HDR/utils_fpFragment shader was successfully compiled to run on hardware.
12:26:10: GLSL compiled : Ogre/Compositor/HDR/finaltonemappingGLSL_fpFragment shader was successfully compiled to run on hardware.
12:26:10: Parsing script HeatVision.material
12:26:10: Parsing script Hurt.material
12:26:10: Parsing script instancing.material
12:26:10: GLSL compiled : InstancingGLSLVertex shader was successfully compiled to run on hardware.

12:26:10: GLSL compiled : InstancingShadowCasterGLSLVertex shader was successfully compiled to run on hardware.

12:26:10: GLSL compiled : CrowdGLSLVertex shader was successfully compiled to run on hardware.

12:26:10: GLSL compiled : CrowdShadowCasterGLSLVertex shader was successfully compiled to run on hardware.

12:26:10: Parsing script Invert.material
12:26:10: Parsing script IsoSurf.material
12:26:10: Problem parsing the following Cg Uniform: '@TMP1' in file Ogre/IsoSurf/TessellateTetrahedraGS
12:26:10: Parsing script Laplace.material
12:26:10: Parsing script MotionBlur.material
12:26:10: Parsing script MRTtest.material
12:26:10: GLSL compiled : Ogre/MRTtest/scenefp/GLSLFragment shader was successfully compiled to run on hardware.
12:26:10: GLSL compiled : Ogre/MRTtest/quadfp/GLSLFragment shader was successfully compiled to run on hardware.
12:26:10: Parsing script NightVision.material
12:26:10: Parsing script Ocean.material
12:26:10: GLSL compiled : GLSL/OceanVSVertex shader was successfully compiled to run on hardware.

12:26:10: GLSL compiled : GLSL/OceanFSFragment shader was successfully compiled to run on hardware.
12:26:10: GLSL compiled : GLSL/Ocean2VSVertex shader was successfully compiled to run on hardware.

12:26:10: GLSL compiled : GLSL/Ocean2FSFragment shader was successfully compiled to run on hardware.
12:26:10: Parsing script OffsetMapping.material
12:26:10: GLSL compiled : Examples/OffsetMappingIntegratedShadowsFPglslFragment shader was successfully compiled to run on hardware.
12:26:10: GLSL compiled : Examples/OffsetMappingIntegratedShadowsVPglslVertex shader was successfully compiled to run on hardware.

12:26:10: Parsing script Ogre.material
12:26:10: Parsing script OldMovie.material
12:26:10: Parsing script OldTV.material
12:26:10: Parsing script ParticleGS.material
12:26:10: OGRE EXCEPTION(7:InternalErrorException): Unable to compile Cg program Ogre/ParticleGS/DisplayPS: CG ERROR : The compile returned an error.
(323) : fatal error C9999: unexpected cast operation
 in CgProgram::loadFromSource at ..\src\OgreCgProgramManagerDll.cpp (line 66)
12:26:10: High-level program Ogre/ParticleGS/DisplayPS encountered an error during loading and is thus not supported.
OGRE EXCEPTION(7:InternalErrorException): Unable to compile Cg program Ogre/ParticleGS/DisplayPS: CG ERROR : The compile returned an error.
(323) : fatal error C9999: unexpected cast operation
 in CgProgram::loadFromSource at ..\src\OgreCgProgramManagerDll.cpp (line 66)
12:26:10: Parsing script Posterize.material
12:26:10: Parsing script pssm.material
12:26:10: Parsing script RadialBlur.material
12:26:10: Parsing script RZR-002.material
12:26:10: Parsing script SharpenEdges.material
12:26:10: Parsing script smoke.material
12:26:10: Parsing script Tiling.material
12:26:10: Parsing script VarianceShadowmap.material
12:26:10: Parsing script deferred.material
12:26:10: GLSL compiled : DeferredShading/material/glsl/vsVertex shader was successfully compiled to run on hardware.

12:26:10: GLSL compiled : DeferredShading/material/glsl/nm_vsVertex shader was successfully compiled to run on hardware.

12:26:10: Parsing script deferreddemo.material
12:26:10: Parsing script deferred_post_ambient.material
12:26:10: Parsing script deferred_post_debug.material
12:26:10: Parsing script deferred_post_minilight.material
12:26:10: Parsing script deferred_post_multipass.material
12:26:10: Parsing script deferred_post_onepass.material
12:26:10: Parsing script ROOM.material
12:26:10: Parsing script RomanBath.material
12:26:10: Parsing script splatter.particle
12:26:10: Parsing script emitted_emitter.particle
12:26:10: Parsing script Example-Water.particle
12:26:10: Parsing script Example.particle
12:26:10: Parsing script smoke.particle
12:26:10: Parsing script blur.compositor
12:26:10: Parsing script Examples.compositor
12:26:10: Parsing script deferred.compositor
12:26:10: Parsing script Advent.fontdef
12:26:10: Parsing script sample.fontdef
12:26:10: Parsing script Compositor.overlay
12:26:10: Parsing script DP3.overlay
12:26:10: Parsing script Example-CubeMapping.overlay
12:26:10: Parsing script Example-DynTex.overlay
12:26:10: Parsing script Example-Water.overlay
12:26:10: Parsing script Shadows.overlay
12:26:10: Finished parsing scripts for resource group General
12:26:10: Parsing scripts for resource group Internal
12:26:10: Finished parsing scripts for resource group Internal
12:26:10: TerrainSceneManager: Registered a new PageSource for type Heightmap
12:26:10: Creating viewport on target 'Castle Defence', rendering from camera 'PerspectiveCamera', relative dimensions 8192L: 0 T: 0 W: 1 H: 1 ZOrder: 0
12:26:10: Viewport for camera 'PerspectiveCamera', actual dimensions 8192L: 0 T: 0 W: 1280 H: 720
12:26:10: Texture: materialGrass2.jpg: Loading 1 faces(PF_R8G8B8,1024x1024x1) with 5 hardware generated mipmaps from Image. Internal format is PF_X8R8G8B8,1024x1024x1.
12:26:10: Texture: flare.png: Loading 1 faces(PF_R8G8B8,256x256x1) with 5 hardware generated mipmaps from Image. Internal format is PF_X8R8G8B8,256x256x1.
12:26:11: Texture: ruins_fr.PNG: Loading 1 faces(PF_R8G8B8,1024x1024x1) with 5 hardware generated mipmaps from Image. Internal format is PF_X8R8G8B8,1024x1024x1.
12:26:11: Texture: ruins_bk.PNG: Loading 1 faces(PF_R8G8B8,1024x1024x1) with 5 hardware generated mipmaps from Image. Internal format is PF_X8R8G8B8,1024x1024x1.
12:26:11: Texture: ruins_lf.PNG: Loading 1 faces(PF_R8G8B8,1024x1024x1) with 5 hardware generated mipmaps from Image. Internal format is PF_X8R8G8B8,1024x1024x1.
12:26:11: Texture: ruins_rt.PNG: Loading 1 faces(PF_R8G8B8,1024x1024x1) with 5 hardware generated mipmaps from Image. Internal format is PF_X8R8G8B8,1024x1024x1.
12:26:11: Texture: ruins_up.PNG: Loading 1 faces(PF_R8G8B8,1024x1024x1) with 5 hardware generated mipmaps from Image. Internal format is PF_X8R8G8B8,1024x1024x1.
12:26:11: Texture: ruins_dn.PNG: Loading 1 faces(PF_R8G8B8,1024x1024x1) with 5 hardware generated mipmaps from Image. Internal format is PF_X8R8G8B8,1024x1024x1.
12:26:11: Mesh: Loading Mesh/Cone01.mesh.
12:26:11: Can't assign material NoMaterial to SubEntity of EnemyView0 because this Material does not exist. Have you forgotten to define it in a .material script?
12:26:11: Can't assign material NoMaterial to SubEntity of EnemyView1 because this Material does not exist. Have you forgotten to define it in a .material script?
12:26:11: Can't assign material NoMaterial to SubEntity of EnemyView2 because this Material does not exist. Have you forgotten to define it in a .material script?
12:26:11: Can't assign material NoMaterial to SubEntity of EnemyView3 because this Material does not exist. Have you forgotten to define it in a .material script?
12:26:11: Can't assign material NoMaterial to SubEntity of EnemyView4 because this Material does not exist. Have you forgotten to define it in a .material script?
12:26:11: Can't assign material NoMaterial to SubEntity of EnemyView5 because this Material does not exist. Have you forgotten to define it in a .material script?
12:26:11: Can't assign material NoMaterial to SubEntity of EnemyView6 because this Material does not exist. Have you forgotten to define it in a .material script?
12:26:11: Can't assign material NoMaterial to SubEntity of EnemyView7 because this Material does not exist. Have you forgotten to define it in a .material script?
12:26:11: Can't assign material NoMaterial to SubEntity of EnemyView8 because this Material does not exist. Have you forgotten to define it in a .material script?
12:26:11: Can't assign material NoMaterial to SubEntity of EnemyView9 because this Material does not exist. Have you forgotten to define it in a .material script?
12:26:11: Can't assign material NoMaterial to SubEntity of EnemyView10 because this Material does not exist. Have you forgotten to define it in a .material script?
12:26:11: Can't assign material NoMaterial to SubEntity of EnemyView11 because this Material does not exist. Have you forgotten to define it in a .material script?
12:26:11: Can't assign material NoMaterial to SubEntity of EnemyView12 because this Material does not exist. Have you forgotten to define it in a .material script?
12:26:11: Can't assign material NoMaterial to SubEntity of EnemyView13 because this Material does not exist. Have you forgotten to define it in a .material script?
12:26:11: Can't assign material NoMaterial to SubEntity of EnemyView14 because this Material does not exist. Have you forgotten to define it in a .material script?
12:26:11: Can't assign material NoMaterial to SubEntity of EnemyView15 because this Material does not exist. Have you forgotten to define it in a .material script?
12:26:11: Can't assign material NoMaterial to SubEntity of EnemyView16 because this Material does not exist. Have you forgotten to define it in a .material script?
12:26:11: Can't assign material NoMaterial to SubEntity of EnemyView17 because this Material does not exist. Have you forgotten to define it in a .material script?
12:26:11: Can't assign material NoMaterial to SubEntity of EnemyView18 because this Material does not exist. Have you forgotten to define it in a .material script?
12:26:11: Can't assign material NoMaterial to SubEntity of EnemyView19 because this Material does not exist. Have you forgotten to define it in a .material script?
12:26:11: Can't assign material NoMaterial to SubEntity of EnemyView20 because this Material does not exist. Have you forgotten to define it in a .material script?
12:26:11: Can't assign material NoMaterial to SubEntity of EnemyView21 because this Material does not exist. Have you forgotten to define it in a .material script?
12:26:11: Can't assign material NoMaterial to SubEntity of EnemyView22 because this Material does not exist. Have you forgotten to define it in a .material script?
12:26:11: Can't assign material NoMaterial to SubEntity of EnemyView23 because this Material does not exist. Have you forgotten to define it in a .material script?
12:26:11: Can't assign material NoMaterial to SubEntity of EnemyView24 because this Material does not exist. Have you forgotten to define it in a .material script?
12:26:11: Can't assign material NoMaterial to SubEntity of EnemyView25 because this Material does not exist. Have you forgotten to define it in a .material script?
12:26:11: Can't assign material NoMaterial to SubEntity of EnemyView26 because this Material does not exist. Have you forgotten to define it in a .material script?
12:26:11: Can't assign material NoMaterial to SubEntity of EnemyView27 because this Material does not exist. Have you forgotten to define it in a .material script?
12:26:11: Can't assign material NoMaterial to SubEntity of EnemyView28 because this Material does not exist. Have you forgotten to define it in a .material script?
12:26:11: Can't assign material NoMaterial to SubEntity of EnemyView29 because this Material does not exist. Have you forgotten to define it in a .material script?
12:26:11: Can't assign material NoMaterial to SubEntity of EnemyView30 because this Material does not exist. Have you forgotten to define it in a .material script?
12:26:11: Can't assign material NoMaterial to SubEntity of EnemyView31 because this Material does not exist. Have you forgotten to define it in a .material script?
12:26:11: Can't assign material NoMaterial to SubEntity of EnemyView32 because this Material does not exist. Have you forgotten to define it in a .material script?
12:26:11: Can't assign material NoMaterial to SubEntity of EnemyView33 because this Material does not exist. Have you forgotten to define it in a .material script?
12:26:11: Can't assign material NoMaterial to SubEntity of EnemyView34 because this Material does not exist. Have you forgotten to define it in a .material script?
12:26:11: Can't assign material NoMaterial to SubEntity of EnemyView35 because this Material does not exist. Have you forgotten to define it in a .material script?
12:26:11: Can't assign material NoMaterial to SubEntity of EnemyView36 because this Material does not exist. Have you forgotten to define it in a .material script?
12:26:11: Can't assign material NoMaterial to SubEntity of EnemyView37 because this Material does not exist. Have you forgotten to define it in a .material script?
12:26:11: Can't assign material NoMaterial to SubEntity of EnemyView38 because this Material does not exist. Have you forgotten to define it in a .material script?
12:26:11: Can't assign material NoMaterial to SubEntity of EnemyView39 because this Material does not exist. Have you forgotten to define it in a .material script?
12:26:11: Can't assign material NoMaterial to SubEntity of EnemyView40 because this Material does not exist. Have you forgotten to define it in a .material script?
12:26:11: Can't assign material NoMaterial to SubEntity of EnemyView41 because this Material does not exist. Have you forgotten to define it in a .material script?
12:26:11: Can't assign material NoMaterial to SubEntity of EnemyView42 because this Material does not exist. Have you forgotten to define it in a .material script?
12:26:11: Can't assign material NoMaterial to SubEntity of EnemyView43 because this Material does not exist. Have you forgotten to define it in a .material script?
12:26:11: Can't assign material NoMaterial to SubEntity of EnemyView44 because this Material does not exist. Have you forgotten to define it in a .material script?
12:26:11: Can't assign material NoMaterial to SubEntity of EnemyView45 because this Material does not exist. Have you forgotten to define it in a .material script?
12:26:11: Can't assign material NoMaterial to SubEntity of EnemyView46 because this Material does not exist. Have you forgotten to define it in a .material script?
12:26:11: Can't assign material NoMaterial to SubEntity of EnemyView47 because this Material does not exist. Have you forgotten to define it in a .material script?
12:26:11: Can't assign material NoMaterial to SubEntity of EnemyView48 because this Material does not exist. Have you forgotten to define it in a .material script?
12:26:11: Can't assign material NoMaterial to SubEntity of EnemyView49 because this Material does not exist. Have you forgotten to define it in a .material script?
12:26:11: SoundManager Initialized
12:26:11: Mesh: Loading Mesh/castleWall.mesh.
12:26:11: Can't assign material NoMaterial to SubEntity of CastleEntity because this Material does not exist. Have you forgotten to define it in a .material script?
12:26:11: Texture: stonewall03.jpg: Loading 1 faces(PF_R8G8B8,512x512x1) with 5 hardware generated mipmaps from Image. Internal format is PF_X8R8G8B8,512x512x1.
12:26:11: Mesh: Loading Mesh/castleTower.mesh.
12:26:11: Can't assign material NoMaterial to SubEntity of CastleTower01Ent because this Material does not exist. Have you forgotten to define it in a .material script?
12:26:11: Can't assign material NoMaterial to SubEntity of CastleTower02Ent because this Material does not exist. Have you forgotten to define it in a .material script?
12:26:11: Can't assign material NoMaterial to SubEntity of enemyBoundingbox because this Material does not exist. Have you forgotten to define it in a .material script?
12:26:11: Mesh: Loading Mesh/Stativ.mesh.
12:26:11: Can't assign material NoMaterial to SubEntity of Weapon:EastWeapon because this Material does not exist. Have you forgotten to define it in a .material script?
12:26:11: Mesh: Loading Mesh/Box02.mesh.
12:26:11: Can't assign material NoMaterial to SubEntity of Weapon:EastWeaponWeapon:EastWeaponEntityNode: because this Material does not exist. Have you forgotten to define it in a .material script?
12:26:11: Mesh: Loading Mesh/Tube01.mesh.
12:26:11: Can't assign material NoMaterial to SubEntity of Weapon:EastWeaponWeapon:EastWeaponEntityNode:LaserWeapon: because this Material does not exist. Have you forgotten to define it in a .material script?
12:26:11: Can't assign material NoMaterial to SubEntity of Weapon:CenterWeapon because this Material does not exist. Have you forgotten to define it in a .material script?
12:26:11: Can't assign material NoMaterial to SubEntity of Weapon:CenterWeaponWeapon:CenterWeaponEntityNode: because this Material does not exist. Have you forgotten to define it in a .material script?
12:26:11: Can't assign material NoMaterial to SubEntity of Weapon:CenterWeaponWeapon:CenterWeaponEntityNode:StandardWeapon: because this Material does not exist. Have you forgotten to define it in a .material script?
12:26:11: Can't assign material NoMaterial to SubEntity of Weapon:WestWeapon because this Material does not exist. Have you forgotten to define it in a .material script?
12:26:11: Can't assign material NoMaterial to SubEntity of Weapon:WestWeaponWeapon:WestWeaponEntityNode: because this Material does not exist. Have you forgotten to define it in a .material script?
12:26:11: Can't assign material NoMaterial to SubEntity of Weapon:WestWeaponWeapon:WestWeaponEntityNode:LaserWeapon: because this Material does not exist. Have you forgotten to define it in a .material script?
12:26:11: Font Adventusing texture size 512x256
12:26:11: Texture: AdventTexture: Loading 1 faces(PF_BYTE_LA,512x256x1) with  hardware generated mipmaps from Image. Internal format is PF_BYTE_LA,512x256x1.
12:26:11: Mesh: Loading Mesh/Ring01.mesh.
12:26:11: Can't assign material NoMaterial to SubEntity of MouseRing because this Material does not exist. Have you forgotten to define it in a .material script?
12:26:12: Texture: blood02.png: Loading 1 faces(PF_A8R8G8B8,21x14x1) with 4 hardware generated mipmaps from Image. Internal format is PF_A8R8G8B8,21x14x1.
12:26:15: Creating viewport on target 'Castle Defence', rendering from camera 'FirstPersonCamera', relative dimensions 8192L: 0 T: 0 W: 1 H: 1 ZOrder: 0
12:26:15: Viewport for camera 'FirstPersonCamera', actual dimensions 8192L: 0 T: 0 W: 1280 H: 720
12:26:15: Texture: ribbonband.png: Loading 1 faces(PF_R8G8B8,128x1x1) with 5 hardware generated mipmaps from Image. Internal format is PF_X8R8G8B8,128x1x1.
12:26:56: Viewport for camera 'NULL', actual dimensions 8192L: 0 T: 0 W: 1280 H: 720
12:26:56: PCZone Factory Type 'ZoneType_Octree' unregistered
12:26:56: PCZone Factory Type 'ZoneType_Terrain' unregistered
12:26:56: Unregistering ResourceManager for type BspLevel
12:26:56: *-*-* OGRE Shutdown
12:26:56: Unregistering ResourceManager for type Compositor
12:26:56: Unregistering ResourceManager for type Font
12:26:56: Unregistering ResourceManager for type Skeleton
12:26:56: Unregistering ResourceManager for type Mesh
12:26:56: Unregistering ResourceManager for type HighLevelGpuProgram
12:26:56: Uninstalling plugin: Octree & Terrain Scene Manager
12:26:56: Plugin successfully uninstalled
12:26:56: Unloading library ../../Resources/Ogrebin/Release\Plugin_OctreeSceneManager
12:26:56: Uninstalling plugin: Octree Zone Factory
12:26:56: Plugin successfully uninstalled
12:26:56: Unloading library ../../Resources/Ogrebin/Release\Plugin_OctreeZone.dll
12:26:56: Uninstalling plugin: Portal Connected Zone Scene Manager
12:26:56: Plugin successfully uninstalled
12:26:56: Unloading library ../../Resources/Ogrebin/Release\Plugin_PCZSceneManager.dll
12:26:56: Uninstalling plugin: Cg Program Manager
12:26:56: Plugin successfully uninstalled
12:26:56: Unloading library ../../Resources/Ogrebin/Release\Plugin_CgProgramManager
12:26:56: Uninstalling plugin: BSP Scene Manager
12:26:56: Plugin successfully uninstalled
12:26:56: Unloading library ../../Resources/Ogrebin/Release\Plugin_BSPSceneManager
12:26:56: Uninstalling plugin: ParticleFX
12:26:56: Plugin successfully uninstalled
12:26:56: Unloading library ../../Resources/Ogrebin/Release\Plugin_ParticleFX
12:26:56: Uninstalling plugin: GL RenderSystem
12:26:56: Render Target 'Castle Defence' Average FPS: 649.119 Best FPS: 662.675 Worst FPS: 0.461681
12:26:56: Unregistering ResourceManager for type GpuProgram
12:26:56: *** Stopping Win32GL Subsystem ***
12:26:56: Unregistering ResourceManager for type Texture
12:26:56: Plugin successfully uninstalled
12:26:56: Unloading library ../../Resources/Ogrebin/Release\RenderSystem_GL
12:26:56: Uninstalling plugin: D3D9 RenderSystem
12:26:56: D3D9 : Shutting down cleanly.
12:26:56: D3D9 : Direct3D9 Rendering Subsystem destroyed.
12:26:56: Plugin successfully uninstalled
12:26:56: Unloading library ../../Resources/Ogrebin/Release\RenderSystem_Direct3D9
12:26:56: Unregistering ResourceManager for type Material
